<?xml version="1.0" encoding="UTF-8"?>
<!-- Generated by org.testng.reporters.JUnitReportReporter -->
<testsuite skipped="15" hostname="AS-40" name="common.RequestHistoryTest" tests="15" failures="0" timestamp="2022-05-31T19:59:00 EET" time="0.000" errors="0">
  <testcase name="ClickMenu" time="0.000" classname="common.RequestHistoryTest">
    <skipped/>
  </testcase> <!-- ClickMenu -->
  <system-out/>
  <testcase name="ClickMenu" time="0.000" classname="common.RequestHistoryTest">
    <skipped/>
  </testcase> <!-- ClickMenu -->
  <system-out/>
  <testcase name="ClickMenu" time="0.000" classname="common.RequestHistoryTest">
    <skipped/>
  </testcase> <!-- ClickMenu -->
  <system-out/>
  <testcase name="MenuRequestHistory" time="0.000" classname="common.RequestHistoryTest">
    <skipped/>
  </testcase> <!-- MenuRequestHistory -->
  <system-out/>
  <testcase name="MenuRequestHistory" time="0.000" classname="common.RequestHistoryTest">
    <skipped/>
  </testcase> <!-- MenuRequestHistory -->
  <system-out/>
  <testcase name="MenuRequestHistory" time="0.000" classname="common.RequestHistoryTest">
    <skipped/>
  </testcase> <!-- MenuRequestHistory -->
  <system-out/>
  <testcase name="ClickFristItemRequestHistory" time="0.000" classname="common.RequestHistoryTest">
    <skipped/>
  </testcase> <!-- ClickFristItemRequestHistory -->
  <system-out/>
  <testcase name="ClickFristItemRequestHistory" time="0.000" classname="common.RequestHistoryTest">
    <skipped/>
  </testcase> <!-- ClickFristItemRequestHistory -->
  <system-out/>
  <testcase name="ClickFristItemRequestHistory" time="0.000" classname="common.RequestHistoryTest">
    <skipped/>
  </testcase> <!-- ClickFristItemRequestHistory -->
  <system-out/>
  <testcase name="scrollitemetails" time="0.000" classname="common.RequestHistoryTest">
    <skipped/>
  </testcase> <!-- scrollitemetails -->
  <system-out/>
  <testcase name="scrollitemetails" time="0.000" classname="common.RequestHistoryTest">
    <skipped/>
  </testcase> <!-- scrollitemetails -->
  <system-out/>
  <testcase name="scrollitemetails" time="0.000" classname="common.RequestHistoryTest">
    <skipped/>
  </testcase> <!-- scrollitemetails -->
  <system-out/>
  <testcase name="callriver" time="0.000" classname="common.RequestHistoryTest">
    <skipped/>
  </testcase> <!-- callriver -->
  <system-out/>
  <testcase name="callriver" time="0.000" classname="common.RequestHistoryTest">
    <skipped/>
  </testcase> <!-- callriver -->
  <system-out/>
  <testcase name="callriver" time="0.000" classname="common.RequestHistoryTest">
    <skipped/>
  </testcase> <!-- callriver -->
  <system-out/>
</testsuite> <!-- common.RequestHistoryTest -->
