<?xml version="1.0" encoding="UTF-8"?>
<!-- Generated by org.testng.reporters.JUnitReportReporter -->
<testsuite skipped="0" hostname="AS-40" name="driverApi.API_Driver_Startjob_Test" tests="1" failures="0" timestamp="2022-04-01T11:06:37 EET" time="9.681" errors="0">
  <testcase name="driverLogin" time="9.681" classname="driverApi.API_Driver_Startjob_Test"/>
  <system-out/>
</testsuite> <!-- driverApi.API_Driver_Startjob_Test -->
