<?xml version="1.0" encoding="UTF-8"?>
<!-- Generated by org.testng.reporters.JUnitReportReporter -->
<testsuite skipped="1" hostname="AS-40" name="driverApi.API_Driver_completejob_Test" tests="1" failures="0" timestamp="2022-05-31T19:59:00 EET" time="0.000" errors="0">
  <testcase name="completejob" time="0.000" classname="driverApi.API_Driver_completejob_Test">
    <skipped/>
  </testcase> <!-- completejob -->
  <system-out/>
</testsuite> <!-- driverApi.API_Driver_completejob_Test -->
