<?xml version="1.0" encoding="UTF-8"?>
<!-- Generated by org.testng.reporters.JUnitReportReporter -->
<testsuite skipped="5" hostname="AS-40" name="driverApi.API_Driver_Startjob_Test" tests="5" failures="0" timestamp="2022-05-31T19:59:00 EET" time="0.000" errors="0">
  <testcase name="driverLogin" time="0.000" classname="driverApi.API_Driver_Startjob_Test">
    <skipped/>
  </testcase> <!-- driverLogin -->
  <system-out/>
  <testcase name="driverLogin" time="0.000" classname="driverApi.API_Driver_Startjob_Test">
    <skipped/>
  </testcase> <!-- driverLogin -->
  <system-out/>
  <testcase name="driverLogin" time="0.000" classname="driverApi.API_Driver_Startjob_Test">
    <skipped/>
  </testcase> <!-- driverLogin -->
  <system-out/>
  <testcase name="driverLogin" time="0.000" classname="driverApi.API_Driver_Startjob_Test">
    <skipped/>
  </testcase> <!-- driverLogin -->
  <system-out/>
  <testcase name="driverLogin" time="0.000" classname="driverApi.API_Driver_Startjob_Test">
    <skipped/>
  </testcase> <!-- driverLogin -->
  <system-out/>
</testsuite> <!-- driverApi.API_Driver_Startjob_Test -->
