<?xml version="1.0" encoding="UTF-8"?>
<!-- Generated by org.testng.reporters.JUnitReportReporter -->
<testsuite skipped="0" hostname="AS-40" name="common.SkipupdateTest" tests="1" failures="0" timestamp="2022-04-02T01:41:05 EET" time="7.082" errors="0">
  <testcase name="clickSkip" time="7.082" classname="common.SkipupdateTest"/>
  <system-out/>
</testsuite> <!-- common.SkipupdateTest -->
