<?xml version="1.0" encoding="UTF-8"?>
<!-- Generated by org.testng.reporters.JUnitReportReporter -->
<testsuite skipped="0" hostname="AS-40" name="com.ERA.testcases.Login_ResendOTPTest" tests="10" failures="0" timestamp="2022-03-22T11:21:48 EET" time="106.076" errors="0">
  <testcase name="clcikLogin" time="5.496" classname="com.ERA.testcases.Login_ResendOTPTest"/>
  <system-out/>
  <testcase name="SelectCountyCode" time="5.359" classname="com.ERA.testcases.Login_ResendOTPTest"/>
  <system-out/>
  <testcase name="Searchforcounrty" time="6.054" classname="com.ERA.testcases.Login_ResendOTPTest"/>
  <system-out/>
  <testcase name="SelectEgypt" time="5.504" classname="com.ERA.testcases.Login_ResendOTPTest"/>
  <system-out/>
  <testcase name="addMobileNumber" time="5.901" classname="com.ERA.testcases.Login_ResendOTPTest"/>
  <system-out/>
  <testcase name="clickContinue" time="5.395" classname="com.ERA.testcases.Login_ResendOTPTest"/>
  <system-out/>
  <testcase name="getotp" time="9.485" classname="com.ERA.testcases.Login_ResendOTPTest"/>
  <system-out/>
  <testcase name="ResendOTP" time="51.874" classname="com.ERA.testcases.Login_ResendOTPTest"/>
  <system-out/>
  <testcase name="ClickBackArrow" time="5.579" classname="com.ERA.testcases.Login_ResendOTPTest"/>
  <system-out/>
  <testcase name="ClickBackTOHome" time="5.429" classname="com.ERA.testcases.Login_ResendOTPTest"/>
  <system-out/>
</testsuite> <!-- com.ERA.testcases.Login_ResendOTPTest -->
