<?xml version="1.0" encoding="UTF-8"?>
<!-- Generated by org.testng.reporters.JUnitReportReporter -->
<testsuite hostname="RAli-NBQC" failures="0" tests="7" name="com.ERA.testcases.ClickloginbuttonfromHomescreenTest" time="20.697" errors="0" timestamp="2022-03-26T14:41:56 EET" skipped="0">
  <testcase classname="com.ERA.testcases.ClickloginbuttonfromHomescreenTest" name="clcikLogin" time="3.190"/>
  <system-out/>
  <testcase classname="com.ERA.testcases.ClickloginbuttonfromHomescreenTest" name="SelectCountyCode" time="1.451"/>
  <system-out/>
  <testcase classname="com.ERA.testcases.ClickloginbuttonfromHomescreenTest" name="Searchforcounrty" time="1.750"/>
  <system-out/>
  <testcase classname="com.ERA.testcases.ClickloginbuttonfromHomescreenTest" name="SelectEgypt" time="0.946"/>
  <system-out/>
  <testcase classname="com.ERA.testcases.ClickloginbuttonfromHomescreenTest" name="addMobileNumber" time="1.168"/>
  <system-out/>
  <testcase classname="com.ERA.testcases.ClickloginbuttonfromHomescreenTest" name="clickContinue" time="1.233"/>
  <system-out/>
  <testcase classname="com.ERA.testcases.ClickloginbuttonfromHomescreenTest" name="getotp" time="10.959"/>
  <system-out/>
</testsuite> <!-- com.ERA.testcases.ClickloginbuttonfromHomescreenTest -->
