<?xml version="1.0" encoding="UTF-8"?>
<!-- Generated by org.testng.reporters.JUnitReportReporter -->
<testsuite skipped="0" hostname="AS-40" name="com.ERA.testcases.LoginWithInvalidSmsCodeTest" tests="10" failures="0" timestamp="2022-03-21T14:42:38 EET" time="15.710" errors="0">
  <testcase name="clcikLogin" time="1.197" classname="com.ERA.testcases.LoginWithInvalidSmsCodeTest"/>
  <system-out/>
  <testcase name="SelectCountyCode" time="0.729" classname="com.ERA.testcases.LoginWithInvalidSmsCodeTest"/>
  <system-out/>
  <testcase name="Searchforcounrty" time="1.467" classname="com.ERA.testcases.LoginWithInvalidSmsCodeTest"/>
  <system-out/>
  <testcase name="SelectEgypt" time="0.656" classname="com.ERA.testcases.LoginWithInvalidSmsCodeTest"/>
  <system-out/>
  <testcase name="addMobileNumber" time="1.144" classname="com.ERA.testcases.LoginWithInvalidSmsCodeTest"/>
  <system-out/>
  <testcase name="clickContinue" time="0.528" classname="com.ERA.testcases.LoginWithInvalidSmsCodeTest"/>
  <system-out/>
  <testcase name="getotp" time="7.955" classname="com.ERA.testcases.LoginWithInvalidSmsCodeTest"/>
  <system-out/>
  <testcase name="AssertInvalidOtp" time="0.837" classname="com.ERA.testcases.LoginWithInvalidSmsCodeTest"/>
  <system-out/>
  <testcase name="ClickBackArrow" time="0.366" classname="com.ERA.testcases.LoginWithInvalidSmsCodeTest"/>
  <system-out/>
  <testcase name="ClickBackTOHome" time="0.831" classname="com.ERA.testcases.LoginWithInvalidSmsCodeTest"/>
  <system-out/>
</testsuite> <!-- com.ERA.testcases.LoginWithInvalidSmsCodeTest -->
