<?xml version="1.0" encoding="UTF-8"?>
<!-- Generated by org.testng.reporters.JUnitReportReporter -->
<testsuite skipped="0" hostname="AS-40" name="com.ERA.testcases.API_Driver_Login_Test" tests="1" failures="0" timestamp="2022-03-26T20:45:02 EET" time="7.990" errors="0">
  <testcase name="driverLogin" time="7.990" classname="com.ERA.testcases.API_Driver_Login_Test"/>
  <system-out/>
</testsuite> <!-- com.ERA.testcases.API_Driver_Login_Test -->
