<?xml version="1.0" encoding="UTF-8"?>
<!-- Generated by org.testng.reporters.JUnitReportReporter -->
<testsuite skipped="0" hostname="AS-40" name="com.ERA.testcases.Login_ResendOTPTest" tests="10" failures="0" timestamp="2022-03-21T14:42:38 EET" time="71.155" errors="0">
  <testcase name="clcikLogin" time="2.671" classname="com.ERA.testcases.Login_ResendOTPTest"/>
  <system-out/>
  <testcase name="SelectCountyCode" time="1.195" classname="com.ERA.testcases.Login_ResendOTPTest"/>
  <system-out/>
  <testcase name="Searchforcounrty" time="1.469" classname="com.ERA.testcases.Login_ResendOTPTest"/>
  <system-out/>
  <testcase name="SelectEgypt" time="0.754" classname="com.ERA.testcases.Login_ResendOTPTest"/>
  <system-out/>
  <testcase name="addMobileNumber" time="0.990" classname="com.ERA.testcases.Login_ResendOTPTest"/>
  <system-out/>
  <testcase name="clickContinue" time="0.538" classname="com.ERA.testcases.Login_ResendOTPTest"/>
  <system-out/>
  <testcase name="getotp" time="6.509" classname="com.ERA.testcases.Login_ResendOTPTest"/>
  <system-out/>
  <testcase name="ResendOTP" time="54.973" classname="com.ERA.testcases.Login_ResendOTPTest"/>
  <system-out/>
  <testcase name="ClickBackArrow" time="1.387" classname="com.ERA.testcases.Login_ResendOTPTest"/>
  <system-out/>
  <testcase name="ClickBackTOHome" time="0.669" classname="com.ERA.testcases.Login_ResendOTPTest"/>
  <system-out/>
</testsuite> <!-- com.ERA.testcases.Login_ResendOTPTest -->
