<?xml version="1.0" encoding="UTF-8"?>
<!-- Generated by org.testng.reporters.JUnitReportReporter -->
<testsuite skipped="0" hostname="AS-40" name="common.RequestHistoryTest" tests="15" failures="0" timestamp="2022-04-12T12:40:49 EET" time="114.345" errors="0">
  <testcase name="ClickMenu" time="6.321" classname="common.RequestHistoryTest"/>
  <system-out/>
  <testcase name="ClickMenu" time="6.342" classname="common.RequestHistoryTest"/>
  <system-out/>
  <testcase name="ClickMenu" time="6.726" classname="common.RequestHistoryTest"/>
  <system-out/>
  <testcase name="MenuRequestHistory" time="6.725" classname="common.RequestHistoryTest"/>
  <system-out/>
  <testcase name="MenuRequestHistory" time="6.325" classname="common.RequestHistoryTest"/>
  <system-out/>
  <testcase name="MenuRequestHistory" time="6.770" classname="common.RequestHistoryTest"/>
  <system-out/>
  <testcase name="ClickFristItemRequestHistory" time="6.346" classname="common.RequestHistoryTest"/>
  <system-out/>
  <testcase name="ClickFristItemRequestHistory" time="6.340" classname="common.RequestHistoryTest"/>
  <system-out/>
  <testcase name="ClickFristItemRequestHistory" time="6.352" classname="common.RequestHistoryTest"/>
  <system-out/>
  <testcase name="scrollitemetails" time="6.597" classname="common.RequestHistoryTest"/>
  <system-out/>
  <testcase name="scrollitemetails" time="6.584" classname="common.RequestHistoryTest"/>
  <system-out/>
  <testcase name="scrollitemetails" time="6.629" classname="common.RequestHistoryTest"/>
  <system-out/>
  <testcase name="callriver" time="12.095" classname="common.RequestHistoryTest"/>
  <system-out/>
  <testcase name="callriver" time="12.094" classname="common.RequestHistoryTest"/>
  <system-out/>
  <testcase name="callriver" time="12.099" classname="common.RequestHistoryTest"/>
  <system-out/>
</testsuite> <!-- common.RequestHistoryTest -->
