<?xml version="1.0" encoding="UTF-8"?>
<!-- Generated by org.testng.reporters.JUnitReportReporter -->
<testsuite skipped="0" hostname="AS-40" name="com.ERA.testcases.Login_ResendOTPTest" tests="10" failures="0" timestamp="2022-03-24T18:30:56 EET" time="154.062" errors="0">
  <testcase name="clcikLogin" time="11.444" classname="com.ERA.testcases.Login_ResendOTPTest"/>
  <system-out/>
  <testcase name="SelectCountyCode" time="11.360" classname="com.ERA.testcases.Login_ResendOTPTest"/>
  <system-out/>
  <testcase name="Searchforcounrty" time="11.979" classname="com.ERA.testcases.Login_ResendOTPTest"/>
  <system-out/>
  <testcase name="SelectEgypt" time="11.457" classname="com.ERA.testcases.Login_ResendOTPTest"/>
  <system-out/>
  <testcase name="addMobileNumber" time="11.854" classname="com.ERA.testcases.Login_ResendOTPTest"/>
  <system-out/>
  <testcase name="clickContinue" time="11.340" classname="com.ERA.testcases.Login_ResendOTPTest"/>
  <system-out/>
  <testcase name="getotp" time="18.463" classname="com.ERA.testcases.Login_ResendOTPTest"/>
  <system-out/>
  <testcase name="ResendOTP" time="42.916" classname="com.ERA.testcases.Login_ResendOTPTest"/>
  <system-out/>
  <testcase name="ClickBackArrow" time="11.889" classname="com.ERA.testcases.Login_ResendOTPTest"/>
  <system-out/>
  <testcase name="ClickBackTOHome" time="11.360" classname="com.ERA.testcases.Login_ResendOTPTest"/>
  <system-out/>
</testsuite> <!-- com.ERA.testcases.Login_ResendOTPTest -->
