<?xml version="1.0" encoding="UTF-8"?>
<!-- Generated by org.testng.reporters.JUnitReportReporter -->
<testsuite skipped="0" hostname="AS-40" name="com.ERA.testcases.addNormalTowingRequestTest" tests="9" failures="0" timestamp="2022-03-30T11:49:20 EET" time="36.886" errors="0">
  <testcase name="selectTowingService" time="4.515" classname="com.ERA.testcases.addNormalTowingRequestTest"/>
  <system-out/>
  <testcase name="selectNormalTowing" time="3.920" classname="com.ERA.testcases.addNormalTowingRequestTest"/>
  <system-out/>
  <testcase name="AddingDestination" time="3.360" classname="com.ERA.testcases.addNormalTowingRequestTest"/>
  <system-out/>
  <testcase name="ClickSearchDest" time="3.665" classname="com.ERA.testcases.addNormalTowingRequestTest"/>
  <system-out/>
  <testcase name="SendDestLocation" time="4.024" classname="com.ERA.testcases.addNormalTowingRequestTest"/>
  <system-out/>
  <testcase name="ClickSearchItem" time="3.291" classname="com.ERA.testcases.addNormalTowingRequestTest"/>
  <system-out/>
  <testcase name="ConfirmDestination" time="6.780" classname="com.ERA.testcases.addNormalTowingRequestTest"/>
  <system-out/>
  <testcase name="ConfirmTowingRequest" time="4.032" classname="com.ERA.testcases.addNormalTowingRequestTest"/>
  <system-out/>
  <testcase name="ConfirmPaymentTowingRequest" time="3.299" classname="com.ERA.testcases.addNormalTowingRequestTest"/>
  <system-out/>
</testsuite> <!-- com.ERA.testcases.addNormalTowingRequestTest -->
