<?xml version="1.0" encoding="UTF-8"?>
<!-- Generated by org.testng.reporters.JUnitReportReporter -->
<testsuite skipped="0" hostname="AS-40" name="login.ClickloginbuttonfromHomescreenTest" tests="7" failures="0" timestamp="2022-03-31T22:10:44 EET" time="53.304" errors="0">
  <testcase name="clcikLogin" time="6.568" classname="login.ClickloginbuttonfromHomescreenTest"/>
  <system-out/>
  <testcase name="SelectCountyCode" time="6.456" classname="login.ClickloginbuttonfromHomescreenTest"/>
  <system-out/>
  <testcase name="Searchforcounrty" time="7.170" classname="login.ClickloginbuttonfromHomescreenTest"/>
  <system-out/>
  <testcase name="SelectEgypt" time="6.642" classname="login.ClickloginbuttonfromHomescreenTest"/>
  <system-out/>
  <testcase name="addMobileNumber" time="6.981" classname="login.ClickloginbuttonfromHomescreenTest"/>
  <system-out/>
  <testcase name="clickContinue" time="6.527" classname="login.ClickloginbuttonfromHomescreenTest"/>
  <system-out/>
  <testcase name="getotp" time="12.960" classname="login.ClickloginbuttonfromHomescreenTest"/>
  <system-out/>
</testsuite> <!-- login.ClickloginbuttonfromHomescreenTest -->
