<?xml version="1.0" encoding="UTF-8"?>
<!-- Generated by org.testng.reporters.JUnitReportReporter -->
<testsuite skipped="0" hostname="AS-40" name="profile.Profile_DeleteImageTest" tests="9" failures="0" timestamp="2022-04-02T01:41:05 EET" time="58.010" errors="0">
  <testcase name="clickprofiletabFromMenu" time="6.348" classname="profile.Profile_DeleteImageTest"/>
  <system-out/>
  <testcase name="ImageOtions" time="6.988" classname="profile.Profile_DeleteImageTest"/>
  <system-out/>
  <testcase name="AllowPermissionImageTake" time="6.334" classname="profile.Profile_DeleteImageTest"/>
  <system-out/>
  <testcase name="AllowPermissionaccessFiles" time="6.347" classname="profile.Profile_DeleteImageTest"/>
  <system-out/>
  <testcase name="DeleteImage" time="6.339" classname="profile.Profile_DeleteImageTest"/>
  <system-out/>
  <testcase name="scrollitems" time="6.648" classname="profile.Profile_DeleteImageTest"/>
  <system-out/>
  <testcase name="SaveButton" time="6.377" classname="profile.Profile_DeleteImageTest"/>
  <system-out/>
  <testcase name="dissmissPopup" time="6.306" classname="profile.Profile_DeleteImageTest"/>
  <system-out/>
  <testcase name="ClickMenu" time="6.323" classname="profile.Profile_DeleteImageTest"/>
  <system-out/>
</testsuite> <!-- profile.Profile_DeleteImageTest -->
