<?xml version="1.0" encoding="UTF-8"?>
<!-- Generated by org.testng.reporters.JUnitReportReporter -->
<testsuite skipped="9" hostname="AS-40" name="profile.Profile_DeleteImageTest" tests="9" failures="0" timestamp="2022-05-31T19:59:00 EET" time="0.000" errors="0">
  <testcase name="clickprofiletabFromMenu" time="0.000" classname="profile.Profile_DeleteImageTest">
    <skipped/>
  </testcase> <!-- clickprofiletabFromMenu -->
  <system-out/>
  <testcase name="ImageOtions" time="0.000" classname="profile.Profile_DeleteImageTest">
    <skipped/>
  </testcase> <!-- ImageOtions -->
  <system-out/>
  <testcase name="AllowPermissionImageTake" time="0.000" classname="profile.Profile_DeleteImageTest">
    <skipped/>
  </testcase> <!-- AllowPermissionImageTake -->
  <system-out/>
  <testcase name="AllowPermissionaccessFiles" time="0.000" classname="profile.Profile_DeleteImageTest">
    <skipped/>
  </testcase> <!-- AllowPermissionaccessFiles -->
  <system-out/>
  <testcase name="DeleteImage" time="0.000" classname="profile.Profile_DeleteImageTest">
    <skipped/>
  </testcase> <!-- DeleteImage -->
  <system-out/>
  <testcase name="scrollitems" time="0.000" classname="profile.Profile_DeleteImageTest">
    <skipped/>
  </testcase> <!-- scrollitems -->
  <system-out/>
  <testcase name="SaveButton" time="0.000" classname="profile.Profile_DeleteImageTest">
    <skipped/>
  </testcase> <!-- SaveButton -->
  <system-out/>
  <testcase name="dissmissPopup" time="0.000" classname="profile.Profile_DeleteImageTest">
    <skipped/>
  </testcase> <!-- dissmissPopup -->
  <system-out/>
  <testcase name="ClickMenu" time="0.000" classname="profile.Profile_DeleteImageTest">
    <skipped/>
  </testcase> <!-- ClickMenu -->
  <system-out/>
</testsuite> <!-- profile.Profile_DeleteImageTest -->
