<?xml version="1.0" encoding="UTF-8"?>
<!-- Generated by org.testng.reporters.JUnitReportReporter -->
<testsuite skipped="0" hostname="AS-40" name="common.SkipupdateTest" tests="1" failures="0" timestamp="2022-03-31T22:10:44 EET" time="6.747" errors="0">
  <testcase name="clickSkip" time="6.747" classname="common.SkipupdateTest"/>
  <system-out/>
</testsuite> <!-- common.SkipupdateTest -->
