<?xml version="1.0" encoding="UTF-8"?>
<!-- Generated by org.testng.reporters.JUnitReportReporter -->
<testsuite skipped="7" hostname="AS-40" name="profile.ProfileTest" tests="7" failures="0" timestamp="2022-05-31T19:59:00 EET" time="0.000" errors="0">
  <testcase name="clickprofiletabFromMenu" time="0.000" classname="profile.ProfileTest">
    <skipped/>
  </testcase> <!-- clickprofiletabFromMenu -->
  <system-out/>
  <testcase name="EditNamewithvalidآName" time="0.000" classname="profile.ProfileTest">
    <skipped/>
  </testcase> <!-- EditNamewithvalidآName -->
  <system-out/>
  <testcase name="EditEmailwithvalidEmail" time="0.000" classname="profile.ProfileTest">
    <skipped/>
  </testcase> <!-- EditEmailwithvalidEmail -->
  <system-out/>
  <testcase name="scrollitems" time="0.000" classname="profile.ProfileTest">
    <skipped/>
  </testcase> <!-- scrollitems -->
  <system-out/>
  <testcase name="SaveButton" time="0.000" classname="profile.ProfileTest">
    <skipped/>
  </testcase> <!-- SaveButton -->
  <system-out/>
  <testcase name="dissmissPopup" time="0.000" classname="profile.ProfileTest">
    <skipped/>
  </testcase> <!-- dissmissPopup -->
  <system-out/>
  <testcase name="ClickMenu" time="0.000" classname="profile.ProfileTest">
    <skipped/>
  </testcase> <!-- ClickMenu -->
  <system-out/>
</testsuite> <!-- profile.ProfileTest -->
