<?xml version="1.0" encoding="UTF-8"?>
<!-- Generated by org.testng.reporters.JUnitReportReporter -->
<testsuite skipped="0" hostname="AS-40" name="towing.DismissTowingRatesheetTest" tests="7" failures="0" timestamp="2022-04-01T11:06:37 EET" time="46.456" errors="0">
  <testcase name="clickratingBarButton" time="6.361" classname="towing.DismissTowingRatesheetTest"/>
  <system-out/>
  <testcase name="submitRateButton" time="6.308" classname="towing.DismissTowingRatesheetTest"/>
  <system-out/>
  <testcase name="assertError" time="6.353" classname="towing.DismissTowingRatesheetTest"/>
  <system-out/>
  <testcase name="SelectReason" time="6.370" classname="towing.DismissTowingRatesheetTest"/>
  <system-out/>
  <testcase name="IssuesTextAssert" time="6.336" classname="towing.DismissTowingRatesheetTest"/>
  <system-out/>
  <testcase name="allstarts" time="8.373" classname="towing.DismissTowingRatesheetTest"/>
  <system-out/>
  <testcase name="clickismissRate" time="6.355" classname="towing.DismissTowingRatesheetTest"/>
  <system-out/>
</testsuite> <!-- towing.DismissTowingRatesheetTest -->
