<?xml version="1.0" encoding="UTF-8"?>
<!-- Generated by org.testng.reporters.JUnitReportReporter -->
<testsuite skipped="0" hostname="AS-40" name="com.ERA.testcases.InvalidPickUPLocationTest" tests="6" failures="0" timestamp="2022-03-27T09:27:09 EET" time="82.387" errors="0">
  <testcase name="AddingDestination" time="8.621" classname="com.ERA.testcases.InvalidPickUPLocationTest"/>
  <system-out/>
  <testcase name="SendDestLocation" time="38.508" classname="com.ERA.testcases.InvalidPickUPLocationTest"/>
  <system-out/>
  <testcase name="ClickSearchresultItem" time="8.503" classname="com.ERA.testcases.InvalidPickUPLocationTest"/>
  <system-out/>
  <testcase name="AssertInvalidLocationWithSearch" time="8.772" classname="com.ERA.testcases.InvalidPickUPLocationTest"/>
  <system-out/>
  <testcase name="clickMenuIconFromHome" time="9.030" classname="com.ERA.testcases.InvalidPickUPLocationTest"/>
  <system-out/>
  <testcase name="ClickNewRequest" time="8.953" classname="com.ERA.testcases.InvalidPickUPLocationTest"/>
  <system-out/>
</testsuite> <!-- com.ERA.testcases.InvalidPickUPLocationTest -->
