<?xml version="1.0" encoding="UTF-8"?>
<!-- Generated by org.testng.reporters.JUnitReportReporter -->
<testsuite skipped="0" hostname="AS-40" name="com.ERA.testcases.addNormalFuelRequestTest" tests="10" failures="0" timestamp="2022-03-27T09:27:09 EET" time="89.564" errors="0">
  <testcase name="MoveMap" time="9.229" classname="com.ERA.testcases.addNormalFuelRequestTest"/>
  <system-out/>
  <testcase name="Dragsheet" time="9.009" classname="com.ERA.testcases.addNormalFuelRequestTest"/>
  <system-out/>
  <testcase name="selectFuelService" time="8.618" classname="com.ERA.testcases.addNormalFuelRequestTest"/>
  <system-out/>
  <testcase name="SelectFuelType" time="8.887" classname="com.ERA.testcases.addNormalFuelRequestTest"/>
  <system-out/>
  <testcase name="ConfirmfuelType" time="8.981" classname="com.ERA.testcases.addNormalFuelRequestTest"/>
  <system-out/>
  <testcase name="ConfirmpaymentButton" time="9.214" classname="com.ERA.testcases.addNormalFuelRequestTest"/>
  <system-out/>
  <testcase name="SelectCash" time="8.846" classname="com.ERA.testcases.addNormalFuelRequestTest"/>
  <system-out/>
  <testcase name="ConfirmCashPayment" time="9.333" classname="com.ERA.testcases.addNormalFuelRequestTest"/>
  <system-out/>
  <testcase name="CancelFuelRequest" time="8.793" classname="com.ERA.testcases.addNormalFuelRequestTest"/>
  <system-out/>
  <testcase name="CancelBnFuelRequest" time="8.654" classname="com.ERA.testcases.addNormalFuelRequestTest"/>
  <system-out/>
</testsuite> <!-- com.ERA.testcases.addNormalFuelRequestTest -->
