<?xml version="1.0" encoding="UTF-8"?>
<!-- Generated by org.testng.reporters.JUnitReportReporter -->
<testsuite skipped="0" hostname="AS-40" name="com.ERA.testcases.Login_EditMobileNumberTest" tests="13" failures="0" timestamp="2022-03-22T11:21:48 EET" time="76.904" errors="0">
  <testcase name="clcikLogin" time="5.416" classname="com.ERA.testcases.Login_EditMobileNumberTest"/>
  <system-out/>
  <testcase name="SelectCountyCode" time="5.430" classname="com.ERA.testcases.Login_EditMobileNumberTest"/>
  <system-out/>
  <testcase name="Searchforcounrty" time="5.515" classname="com.ERA.testcases.Login_EditMobileNumberTest"/>
  <system-out/>
  <testcase name="SelectEgypt" time="5.408" classname="com.ERA.testcases.Login_EditMobileNumberTest"/>
  <system-out/>
  <testcase name="addMobileNumber" time="5.340" classname="com.ERA.testcases.Login_EditMobileNumberTest"/>
  <system-out/>
  <testcase name="clickContinue" time="5.403" classname="com.ERA.testcases.Login_EditMobileNumberTest"/>
  <system-out/>
  <testcase name="EditMobileNumber" time="5.317" classname="com.ERA.testcases.Login_EditMobileNumberTest"/>
  <system-out/>
  <testcase name="EditMobileNumber" time="5.836" classname="com.ERA.testcases.Login_EditMobileNumberTest"/>
  <system-out/>
  <testcase name="clickCntinue" time="5.351" classname="com.ERA.testcases.Login_EditMobileNumberTest"/>
  <system-out/>
  <testcase name="getotp" time="10.604" classname="com.ERA.testcases.Login_EditMobileNumberTest"/>
  <system-out/>
  <testcase name="clickMenuIconFromHome" time="5.848" classname="com.ERA.testcases.Login_EditMobileNumberTest"/>
  <system-out/>
  <testcase name="clickLogout" time="6.045" classname="com.ERA.testcases.Login_EditMobileNumberTest"/>
  <system-out/>
  <testcase name="clickSkip" time="5.391" classname="com.ERA.testcases.Login_EditMobileNumberTest"/>
  <system-out/>
</testsuite> <!-- com.ERA.testcases.Login_EditMobileNumberTest -->
