<?xml version="1.0" encoding="UTF-8"?>
<!-- Generated by org.testng.reporters.JUnitReportReporter -->
<testsuite skipped="0" hostname="AS-40" name="com.ERA.testcases.API_Driver_savemissingfieldvalue_Test" tests="1" failures="0" timestamp="2022-03-30T09:47:58 EET" time="6.592" errors="0">
  <testcase name="savemissingfieldvalue" time="6.592" classname="com.ERA.testcases.API_Driver_savemissingfieldvalue_Test"/>
  <system-out/>
</testsuite> <!-- com.ERA.testcases.API_Driver_savemissingfieldvalue_Test -->
