<?xml version="1.0" encoding="UTF-8"?>
<!-- Generated by org.testng.reporters.JUnitReportReporter -->
<testsuite skipped="0" hostname="AS-40" name="towing.DismissTowingRatesheetTest" tests="21" failures="0" timestamp="2022-04-12T12:40:49 EET" time="238.074" errors="0">
  <testcase name="clickratingBarButton" time="47.480" classname="towing.DismissTowingRatesheetTest"/>
  <system-out/>
  <testcase name="clickratingBarButton" time="33.764" classname="towing.DismissTowingRatesheetTest"/>
  <system-out/>
  <testcase name="clickratingBarButton" time="36.929" classname="towing.DismissTowingRatesheetTest"/>
  <system-out/>
  <testcase name="submitRateButton" time="6.335" classname="towing.DismissTowingRatesheetTest"/>
  <system-out/>
  <testcase name="submitRateButton" time="6.317" classname="towing.DismissTowingRatesheetTest"/>
  <system-out/>
  <testcase name="submitRateButton" time="6.352" classname="towing.DismissTowingRatesheetTest"/>
  <system-out/>
  <testcase name="assertError" time="6.293" classname="towing.DismissTowingRatesheetTest"/>
  <system-out/>
  <testcase name="assertError" time="6.321" classname="towing.DismissTowingRatesheetTest"/>
  <system-out/>
  <testcase name="assertError" time="6.290" classname="towing.DismissTowingRatesheetTest"/>
  <system-out/>
  <testcase name="SelectReason" time="6.352" classname="towing.DismissTowingRatesheetTest"/>
  <system-out/>
  <testcase name="SelectReason" time="6.331" classname="towing.DismissTowingRatesheetTest"/>
  <system-out/>
  <testcase name="SelectReason" time="6.301" classname="towing.DismissTowingRatesheetTest"/>
  <system-out/>
  <testcase name="IssuesTextAssert" time="6.317" classname="towing.DismissTowingRatesheetTest"/>
  <system-out/>
  <testcase name="IssuesTextAssert" time="6.297" classname="towing.DismissTowingRatesheetTest"/>
  <system-out/>
  <testcase name="IssuesTextAssert" time="6.276" classname="towing.DismissTowingRatesheetTest"/>
  <system-out/>
  <testcase name="allstarts" time="8.375" classname="towing.DismissTowingRatesheetTest"/>
  <system-out/>
  <testcase name="allstarts" time="8.335" classname="towing.DismissTowingRatesheetTest"/>
  <system-out/>
  <testcase name="allstarts" time="8.373" classname="towing.DismissTowingRatesheetTest"/>
  <system-out/>
  <testcase name="clickismissRate" time="6.296" classname="towing.DismissTowingRatesheetTest"/>
  <system-out/>
  <testcase name="clickismissRate" time="6.393" classname="towing.DismissTowingRatesheetTest"/>
  <system-out/>
  <testcase name="clickismissRate" time="6.347" classname="towing.DismissTowingRatesheetTest"/>
  <system-out/>
</testsuite> <!-- towing.DismissTowingRatesheetTest -->
