<?xml version="1.0" encoding="UTF-8"?>
<!-- Generated by org.testng.reporters.JUnitReportReporter -->
<testsuite skipped="0" hostname="AS-40" name="common.allowLocationPermissionTest" tests="1" failures="0" timestamp="2022-03-31T22:10:44 EET" time="6.524" errors="0">
  <testcase name="clcallowLocationPermissionTestikLogin" time="6.524" classname="common.allowLocationPermissionTest"/>
  <system-out/>
</testsuite> <!-- common.allowLocationPermissionTest -->
