<?xml version="1.0" encoding="UTF-8"?>
<!-- Generated by org.testng.reporters.JUnitReportReporter -->
<testsuite skipped="0" hostname="AS-40" name="driverApi.API_Driver_vehiclepickedup_Test" tests="4" failures="0" timestamp="2022-04-12T12:40:49 EET" time="40.836" errors="0">
  <testcase name="vehiclepickedup" time="10.677" classname="driverApi.API_Driver_vehiclepickedup_Test"/>
  <system-out/>
  <testcase name="vehiclepickedup" time="10.658" classname="driverApi.API_Driver_vehiclepickedup_Test"/>
  <system-out/>
  <testcase name="vehiclepickedup" time="11.074" classname="driverApi.API_Driver_vehiclepickedup_Test"/>
  <system-out/>
  <testcase name="verifyqrcode" time="8.427" classname="driverApi.API_Driver_vehiclepickedup_Test"/>
  <system-out/>
</testsuite> <!-- driverApi.API_Driver_vehiclepickedup_Test -->
