<?xml version="1.0" encoding="UTF-8"?>
<!-- Generated by org.testng.reporters.JUnitReportReporter -->
<testsuite skipped="0" hostname="AS-40" name="login.ClickloginbuttonfromHomescreenTest" tests="21" failures="0" timestamp="2022-04-12T12:40:49 EET" time="155.946" errors="0">
  <testcase name="clcikLogin" time="6.432" classname="login.ClickloginbuttonfromHomescreenTest"/>
  <system-out/>
  <testcase name="clcikLogin" time="6.432" classname="login.ClickloginbuttonfromHomescreenTest"/>
  <system-out/>
  <testcase name="clcikLogin" time="6.413" classname="login.ClickloginbuttonfromHomescreenTest"/>
  <system-out/>
  <testcase name="SelectCountyCode" time="6.350" classname="login.ClickloginbuttonfromHomescreenTest"/>
  <system-out/>
  <testcase name="SelectCountyCode" time="6.389" classname="login.ClickloginbuttonfromHomescreenTest"/>
  <system-out/>
  <testcase name="SelectCountyCode" time="6.357" classname="login.ClickloginbuttonfromHomescreenTest"/>
  <system-out/>
  <testcase name="Searchforcounrty" time="6.952" classname="login.ClickloginbuttonfromHomescreenTest"/>
  <system-out/>
  <testcase name="Searchforcounrty" time="6.396" classname="login.ClickloginbuttonfromHomescreenTest"/>
  <system-out/>
  <testcase name="Searchforcounrty" time="7.034" classname="login.ClickloginbuttonfromHomescreenTest"/>
  <system-out/>
  <testcase name="SelectEgypt" time="6.418" classname="login.ClickloginbuttonfromHomescreenTest"/>
  <system-out/>
  <testcase name="SelectEgypt" time="6.431" classname="login.ClickloginbuttonfromHomescreenTest"/>
  <system-out/>
  <testcase name="SelectEgypt" time="6.403" classname="login.ClickloginbuttonfromHomescreenTest"/>
  <system-out/>
  <testcase name="addMobileNumber" time="6.803" classname="login.ClickloginbuttonfromHomescreenTest"/>
  <system-out/>
  <testcase name="addMobileNumber" time="6.864" classname="login.ClickloginbuttonfromHomescreenTest"/>
  <system-out/>
  <testcase name="addMobileNumber" time="6.812" classname="login.ClickloginbuttonfromHomescreenTest"/>
  <system-out/>
  <testcase name="clickContinue" time="6.306" classname="login.ClickloginbuttonfromHomescreenTest"/>
  <system-out/>
  <testcase name="clickContinue" time="6.340" classname="login.ClickloginbuttonfromHomescreenTest"/>
  <system-out/>
  <testcase name="clickContinue" time="6.311" classname="login.ClickloginbuttonfromHomescreenTest"/>
  <system-out/>
  <testcase name="getotp" time="13.204" classname="login.ClickloginbuttonfromHomescreenTest"/>
  <system-out/>
  <testcase name="getotp" time="14.112" classname="login.ClickloginbuttonfromHomescreenTest"/>
  <system-out/>
  <testcase name="getotp" time="11.187" classname="login.ClickloginbuttonfromHomescreenTest"/>
  <system-out/>
</testsuite> <!-- login.ClickloginbuttonfromHomescreenTest -->
