<?xml version="1.0" encoding="UTF-8"?>
<!-- Generated by org.testng.reporters.JUnitReportReporter -->
<testsuite skipped="0" hostname="AS-40" name="common.allowLocationPermissionTest" tests="3" failures="0" timestamp="2022-04-12T12:40:49 EET" time="22.657" errors="0">
  <testcase name="clcallowLocationPermissionTestikLogin" time="7.599" classname="common.allowLocationPermissionTest"/>
  <system-out/>
  <testcase name="clcallowLocationPermissionTestikLogin" time="7.740" classname="common.allowLocationPermissionTest"/>
  <system-out/>
  <testcase name="clcallowLocationPermissionTestikLogin" time="7.318" classname="common.allowLocationPermissionTest"/>
  <system-out/>
</testsuite> <!-- common.allowLocationPermissionTest -->
