<?xml version="1.0" encoding="UTF-8"?>
<!-- Generated by org.testng.reporters.JUnitReportReporter -->
<testsuite skipped="0" hostname="AS-40" name="com.ERA.testcases.Login_ResendOTPTest" tests="10" failures="0" timestamp="2022-03-27T09:27:09 EET" time="132.464" errors="0">
  <testcase name="clcikLogin" time="9.142" classname="com.ERA.testcases.Login_ResendOTPTest"/>
  <system-out/>
  <testcase name="SelectCountyCode" time="8.844" classname="com.ERA.testcases.Login_ResendOTPTest"/>
  <system-out/>
  <testcase name="Searchforcounrty" time="9.451" classname="com.ERA.testcases.Login_ResendOTPTest"/>
  <system-out/>
  <testcase name="SelectEgypt" time="8.485" classname="com.ERA.testcases.Login_ResendOTPTest"/>
  <system-out/>
  <testcase name="addMobileNumber" time="8.790" classname="com.ERA.testcases.Login_ResendOTPTest"/>
  <system-out/>
  <testcase name="clickContinue" time="8.672" classname="com.ERA.testcases.Login_ResendOTPTest"/>
  <system-out/>
  <testcase name="getotp" time="15.729" classname="com.ERA.testcases.Login_ResendOTPTest"/>
  <system-out/>
  <testcase name="ResendOTP" time="45.838" classname="com.ERA.testcases.Login_ResendOTPTest"/>
  <system-out/>
  <testcase name="ClickBackArrow" time="8.976" classname="com.ERA.testcases.Login_ResendOTPTest"/>
  <system-out/>
  <testcase name="ClickBackTOHome" time="8.537" classname="com.ERA.testcases.Login_ResendOTPTest"/>
  <system-out/>
</testsuite> <!-- com.ERA.testcases.Login_ResendOTPTest -->
