<?xml version="1.0" encoding="UTF-8"?>
<!-- Generated by org.testng.reporters.JUnitReportReporter -->
<testsuite skipped="0" hostname="AS-40" name="com.ERA.testcases.addNormalBatteryRequestTest" tests="7" failures="0" timestamp="2022-03-24T18:30:56 EET" time="83.735" errors="0">
  <testcase name="MoveMap" time="12.158" classname="com.ERA.testcases.addNormalBatteryRequestTest"/>
  <system-out/>
  <testcase name="DragServiceSheet" time="12.028" classname="com.ERA.testcases.addNormalBatteryRequestTest"/>
  <system-out/>
  <testcase name="SelectBattery" time="11.782" classname="com.ERA.testcases.addNormalBatteryRequestTest"/>
  <system-out/>
  <testcase name="ConfirmSummery" time="13.047" classname="com.ERA.testcases.addNormalBatteryRequestTest"/>
  <system-out/>
  <testcase name="ConfirmBaymnet" time="11.811" classname="com.ERA.testcases.addNormalBatteryRequestTest"/>
  <system-out/>
  <testcase name="CancelLink" time="11.465" classname="com.ERA.testcases.addNormalBatteryRequestTest"/>
  <system-out/>
  <testcase name="CancelBn" time="11.444" classname="com.ERA.testcases.addNormalBatteryRequestTest"/>
  <system-out/>
</testsuite> <!-- com.ERA.testcases.addNormalBatteryRequestTest -->
