<?xml version="1.0" encoding="UTF-8"?>
<!-- Generated by org.testng.reporters.JUnitReportReporter -->
<testsuite skipped="0" hostname="AS-40" name="com.ERA.testcases.API_Driver_vehiclepickedup_Test" tests="2" failures="0" timestamp="2022-03-30T09:47:58 EET" time="15.766" errors="0">
  <testcase name="verifyqrcode" time="6.344" classname="com.ERA.testcases.API_Driver_vehiclepickedup_Test"/>
  <system-out/>
  <testcase name="vehiclepickedup" time="9.422" classname="com.ERA.testcases.API_Driver_vehiclepickedup_Test"/>
  <system-out/>
</testsuite> <!-- com.ERA.testcases.API_Driver_vehiclepickedup_Test -->
