<?xml version="1.0" encoding="UTF-8"?>
<!-- Generated by org.testng.reporters.JUnitReportReporter -->
<testsuite skipped="0" hostname="AS-40" name="driverApi.API_Driver_savemissingfieldvalue_Test" tests="1" failures="0" timestamp="2022-04-01T11:06:37 EET" time="8.086" errors="0">
  <testcase name="savemissingfieldvalue" time="8.086" classname="driverApi.API_Driver_savemissingfieldvalue_Test"/>
  <system-out/>
</testsuite> <!-- driverApi.API_Driver_savemissingfieldvalue_Test -->
