<?xml version="1.0" encoding="UTF-8"?>
<!-- Generated by org.testng.reporters.JUnitReportReporter -->
<testsuite skipped="0" hostname="AS-40" name="com.ERA.testcases.addNormalTowingRequestTest" tests="11" failures="0" timestamp="2022-03-24T18:30:56 EET" time="127.549" errors="0">
  <testcase name="selectTowingService" time="11.634" classname="com.ERA.testcases.addNormalTowingRequestTest"/>
  <system-out/>
  <testcase name="selectNormalTowing" time="11.988" classname="com.ERA.testcases.addNormalTowingRequestTest"/>
  <system-out/>
  <testcase name="AddingDestination" time="11.314" classname="com.ERA.testcases.addNormalTowingRequestTest"/>
  <system-out/>
  <testcase name="ClickSearchDest" time="11.673" classname="com.ERA.testcases.addNormalTowingRequestTest"/>
  <system-out/>
  <testcase name="SendDestLocation" time="12.036" classname="com.ERA.testcases.addNormalTowingRequestTest"/>
  <system-out/>
  <testcase name="ClickSearchItem" time="11.334" classname="com.ERA.testcases.addNormalTowingRequestTest"/>
  <system-out/>
  <testcase name="ConfirmDestination" time="11.611" classname="com.ERA.testcases.addNormalTowingRequestTest"/>
  <system-out/>
  <testcase name="ConfirmTowingRequest" time="11.330" classname="com.ERA.testcases.addNormalTowingRequestTest"/>
  <system-out/>
  <testcase name="ConfirmPaymentTowingRequest" time="11.622" classname="com.ERA.testcases.addNormalTowingRequestTest"/>
  <system-out/>
  <testcase name="CancelTowingRequest" time="11.577" classname="com.ERA.testcases.addNormalTowingRequestTest"/>
  <system-out/>
  <testcase name="ClickCancelTowingRequest" time="11.430" classname="com.ERA.testcases.addNormalTowingRequestTest"/>
  <system-out/>
</testsuite> <!-- com.ERA.testcases.addNormalTowingRequestTest -->
