<?xml version="1.0" encoding="UTF-8"?>
<!-- Generated by org.testng.reporters.JUnitReportReporter -->
<testsuite skipped="0" hostname="AS-40" name="profile.Profile_DeleteImageTest" tests="5" failures="0" timestamp="2022-04-01T22:56:17 EET" time="32.921" errors="0">
  <testcase name="clickprofiletabFromMenu" time="6.920" classname="profile.Profile_DeleteImageTest"/>
  <system-out/>
  <testcase name="ImageOtions" time="6.953" classname="profile.Profile_DeleteImageTest"/>
  <system-out/>
  <testcase name="AllowPermissionImageTake" time="6.401" classname="profile.Profile_DeleteImageTest"/>
  <system-out/>
  <testcase name="AllowPermissionaccessFiles" time="6.301" classname="profile.Profile_DeleteImageTest"/>
  <system-out/>
  <testcase name="DeleteImage" time="6.346" classname="profile.Profile_DeleteImageTest"/>
  <system-out/>
</testsuite> <!-- profile.Profile_DeleteImageTest -->
