<?xml version="1.0" encoding="UTF-8"?>
<!-- Generated by org.testng.reporters.JUnitReportReporter -->
<testsuite skipped="0" hostname="AS-40" name="com.ERA.testcases.InvalidPickUPLocationTest" tests="6" failures="0" timestamp="2022-03-22T11:21:48 EET" time="35.944" errors="0">
  <testcase name="AddingDestination" time="5.528" classname="com.ERA.testcases.InvalidPickUPLocationTest"/>
  <system-out/>
  <testcase name="SendDestLocation" time="5.451" classname="com.ERA.testcases.InvalidPickUPLocationTest"/>
  <system-out/>
  <testcase name="ClickSearchresultItem" time="8.387" classname="com.ERA.testcases.InvalidPickUPLocationTest"/>
  <system-out/>
  <testcase name="AssertInvalidLocationWithSearch" time="5.458" classname="com.ERA.testcases.InvalidPickUPLocationTest"/>
  <system-out/>
  <testcase name="clickMenuIconFromHome" time="5.788" classname="com.ERA.testcases.InvalidPickUPLocationTest"/>
  <system-out/>
  <testcase name="ClickNewRequest" time="5.332" classname="com.ERA.testcases.InvalidPickUPLocationTest"/>
  <system-out/>
</testsuite> <!-- com.ERA.testcases.InvalidPickUPLocationTest -->
