<?xml version="1.0" encoding="UTF-8"?>
<!-- Generated by org.testng.reporters.JUnitReportReporter -->
<testsuite skipped="0" hostname="AS-40" name="com.ERA.testcases.LoginWithInvalidMobileNumberTest" tests="7" failures="0" timestamp="2022-03-20T12:21:31 EET" time="8.018" errors="0">
  <testcase name="clcikLogin" time="2.935" classname="com.ERA.testcases.LoginWithInvalidMobileNumberTest"/>
  <system-out/>
  <testcase name="SelectCountyCode" time="0.994" classname="com.ERA.testcases.LoginWithInvalidMobileNumberTest"/>
  <system-out/>
  <testcase name="Searchforcounrty" time="1.353" classname="com.ERA.testcases.LoginWithInvalidMobileNumberTest"/>
  <system-out/>
  <testcase name="SelectEgypt" time="0.759" classname="com.ERA.testcases.LoginWithInvalidMobileNumberTest"/>
  <system-out/>
  <testcase name="addMobileNumber" time="0.854" classname="com.ERA.testcases.LoginWithInvalidMobileNumberTest"/>
  <system-out/>
  <testcase name="clickContinue" time="0.536" classname="com.ERA.testcases.LoginWithInvalidMobileNumberTest"/>
  <system-out/>
  <testcase name="AssertInvalidLoginMobileNumber" time="0.587" classname="com.ERA.testcases.LoginWithInvalidMobileNumberTest"/>
  <system-out/>
</testsuite> <!-- com.ERA.testcases.LoginWithInvalidMobileNumberTest -->
