<?xml version="1.0" encoding="UTF-8"?>
<!-- Generated by org.testng.reporters.JUnitReportReporter -->
<testsuite skipped="0" hostname="AS-40" name="common.MenuTest" tests="1" failures="0" timestamp="2022-04-01T22:56:17 EET" time="6.745" errors="0">
  <testcase name="ClickMenu" time="6.745" classname="common.MenuTest"/>
  <system-out/>
</testsuite> <!-- common.MenuTest -->
