<?xml version="1.0" encoding="UTF-8"?>
<!-- Generated by org.testng.reporters.JUnitReportReporter -->
<testsuite skipped="0" hostname="AS-40" name="com.ERA.testcases.addNormalTowingRequestTest" tests="11" failures="0" timestamp="2022-03-22T11:21:48 EET" time="64.155" errors="0">
  <testcase name="selectTowingService" time="5.616" classname="com.ERA.testcases.addNormalTowingRequestTest"/>
  <system-out/>
  <testcase name="selectNormalTowing" time="6.034" classname="com.ERA.testcases.addNormalTowingRequestTest"/>
  <system-out/>
  <testcase name="AddingDestination" time="5.420" classname="com.ERA.testcases.addNormalTowingRequestTest"/>
  <system-out/>
  <testcase name="ClickSearchDest" time="5.693" classname="com.ERA.testcases.addNormalTowingRequestTest"/>
  <system-out/>
  <testcase name="SendDestLocation" time="6.148" classname="com.ERA.testcases.addNormalTowingRequestTest"/>
  <system-out/>
  <testcase name="ClickSearchItem" time="5.300" classname="com.ERA.testcases.addNormalTowingRequestTest"/>
  <system-out/>
  <testcase name="ConfirmDestination" time="5.519" classname="com.ERA.testcases.addNormalTowingRequestTest"/>
  <system-out/>
  <testcase name="ConfirmTowingRequest" time="5.861" classname="com.ERA.testcases.addNormalTowingRequestTest"/>
  <system-out/>
  <testcase name="ConfirmPaymentTowingRequest" time="5.965" classname="com.ERA.testcases.addNormalTowingRequestTest"/>
  <system-out/>
  <testcase name="CancelTowingRequest" time="7.138" classname="com.ERA.testcases.addNormalTowingRequestTest"/>
  <system-out/>
  <testcase name="ClickCancelTowingRequest" time="5.461" classname="com.ERA.testcases.addNormalTowingRequestTest"/>
  <system-out/>
</testsuite> <!-- com.ERA.testcases.addNormalTowingRequestTest -->
