<?xml version="1.0" encoding="UTF-8"?>
<!-- Generated by org.testng.reporters.JUnitReportReporter -->
<testsuite skipped="0" hostname="AS-40" name="login.ClickloginbuttonfromHomescreenTest" tests="7" failures="0" timestamp="2022-04-01T22:56:17 EET" time="51.989" errors="0">
  <testcase name="clcikLogin" time="6.372" classname="login.ClickloginbuttonfromHomescreenTest"/>
  <system-out/>
  <testcase name="SelectCountyCode" time="6.337" classname="login.ClickloginbuttonfromHomescreenTest"/>
  <system-out/>
  <testcase name="Searchforcounrty" time="6.381" classname="login.ClickloginbuttonfromHomescreenTest"/>
  <system-out/>
  <testcase name="SelectEgypt" time="6.424" classname="login.ClickloginbuttonfromHomescreenTest"/>
  <system-out/>
  <testcase name="addMobileNumber" time="6.373" classname="login.ClickloginbuttonfromHomescreenTest"/>
  <system-out/>
  <testcase name="clickContinue" time="6.344" classname="login.ClickloginbuttonfromHomescreenTest"/>
  <system-out/>
  <testcase name="getotp" time="13.758" classname="login.ClickloginbuttonfromHomescreenTest"/>
  <system-out/>
</testsuite> <!-- login.ClickloginbuttonfromHomescreenTest -->
