<?xml version="1.0" encoding="UTF-8"?>
<!-- Generated by org.testng.reporters.JUnitReportReporter -->
<testsuite skipped="84" hostname="AS-40" name="login.ClickloginbuttonfromHomescreenTest" tests="84" failures="0" timestamp="2022-05-31T19:59:00 EET" time="0.000" errors="0">
  <testcase name="clcikLogin" time="0.000" classname="login.ClickloginbuttonfromHomescreenTest">
    <skipped/>
  </testcase> <!-- clcikLogin -->
  <system-out/>
  <testcase name="clcikLogin" time="0.000" classname="login.ClickloginbuttonfromHomescreenTest">
    <skipped/>
  </testcase> <!-- clcikLogin -->
  <system-out/>
  <testcase name="clcikLogin" time="0.000" classname="login.ClickloginbuttonfromHomescreenTest">
    <skipped/>
  </testcase> <!-- clcikLogin -->
  <system-out/>
  <testcase name="clcikLogin" time="0.000" classname="login.ClickloginbuttonfromHomescreenTest">
    <skipped/>
  </testcase> <!-- clcikLogin -->
  <system-out/>
  <testcase name="clcikLogin" time="0.000" classname="login.ClickloginbuttonfromHomescreenTest">
    <skipped/>
  </testcase> <!-- clcikLogin -->
  <system-out/>
  <testcase name="clcikLogin" time="0.000" classname="login.ClickloginbuttonfromHomescreenTest">
    <skipped/>
  </testcase> <!-- clcikLogin -->
  <system-out/>
  <testcase name="clcikLogin" time="0.000" classname="login.ClickloginbuttonfromHomescreenTest">
    <skipped/>
  </testcase> <!-- clcikLogin -->
  <system-out/>
  <testcase name="clcikLogin" time="0.000" classname="login.ClickloginbuttonfromHomescreenTest">
    <skipped/>
  </testcase> <!-- clcikLogin -->
  <system-out/>
  <testcase name="clcikLogin" time="0.000" classname="login.ClickloginbuttonfromHomescreenTest">
    <skipped/>
  </testcase> <!-- clcikLogin -->
  <system-out/>
  <testcase name="clcikLogin" time="0.000" classname="login.ClickloginbuttonfromHomescreenTest">
    <skipped/>
  </testcase> <!-- clcikLogin -->
  <system-out/>
  <testcase name="clcikLogin" time="0.000" classname="login.ClickloginbuttonfromHomescreenTest">
    <skipped/>
  </testcase> <!-- clcikLogin -->
  <system-out/>
  <testcase name="clcikLogin" time="0.000" classname="login.ClickloginbuttonfromHomescreenTest">
    <skipped/>
  </testcase> <!-- clcikLogin -->
  <system-out/>
  <testcase name="SelectCountyCode" time="0.000" classname="login.ClickloginbuttonfromHomescreenTest">
    <skipped/>
  </testcase> <!-- SelectCountyCode -->
  <system-out/>
  <testcase name="SelectCountyCode" time="0.000" classname="login.ClickloginbuttonfromHomescreenTest">
    <skipped/>
  </testcase> <!-- SelectCountyCode -->
  <system-out/>
  <testcase name="SelectCountyCode" time="0.000" classname="login.ClickloginbuttonfromHomescreenTest">
    <skipped/>
  </testcase> <!-- SelectCountyCode -->
  <system-out/>
  <testcase name="SelectCountyCode" time="0.000" classname="login.ClickloginbuttonfromHomescreenTest">
    <skipped/>
  </testcase> <!-- SelectCountyCode -->
  <system-out/>
  <testcase name="SelectCountyCode" time="0.000" classname="login.ClickloginbuttonfromHomescreenTest">
    <skipped/>
  </testcase> <!-- SelectCountyCode -->
  <system-out/>
  <testcase name="SelectCountyCode" time="0.000" classname="login.ClickloginbuttonfromHomescreenTest">
    <skipped/>
  </testcase> <!-- SelectCountyCode -->
  <system-out/>
  <testcase name="SelectCountyCode" time="0.000" classname="login.ClickloginbuttonfromHomescreenTest">
    <skipped/>
  </testcase> <!-- SelectCountyCode -->
  <system-out/>
  <testcase name="SelectCountyCode" time="0.000" classname="login.ClickloginbuttonfromHomescreenTest">
    <skipped/>
  </testcase> <!-- SelectCountyCode -->
  <system-out/>
  <testcase name="SelectCountyCode" time="0.000" classname="login.ClickloginbuttonfromHomescreenTest">
    <skipped/>
  </testcase> <!-- SelectCountyCode -->
  <system-out/>
  <testcase name="SelectCountyCode" time="0.000" classname="login.ClickloginbuttonfromHomescreenTest">
    <skipped/>
  </testcase> <!-- SelectCountyCode -->
  <system-out/>
  <testcase name="SelectCountyCode" time="0.000" classname="login.ClickloginbuttonfromHomescreenTest">
    <skipped/>
  </testcase> <!-- SelectCountyCode -->
  <system-out/>
  <testcase name="SelectCountyCode" time="0.000" classname="login.ClickloginbuttonfromHomescreenTest">
    <skipped/>
  </testcase> <!-- SelectCountyCode -->
  <system-out/>
  <testcase name="Searchforcounrty" time="0.000" classname="login.ClickloginbuttonfromHomescreenTest">
    <skipped/>
  </testcase> <!-- Searchforcounrty -->
  <system-out/>
  <testcase name="Searchforcounrty" time="0.000" classname="login.ClickloginbuttonfromHomescreenTest">
    <skipped/>
  </testcase> <!-- Searchforcounrty -->
  <system-out/>
  <testcase name="Searchforcounrty" time="0.000" classname="login.ClickloginbuttonfromHomescreenTest">
    <skipped/>
  </testcase> <!-- Searchforcounrty -->
  <system-out/>
  <testcase name="Searchforcounrty" time="0.000" classname="login.ClickloginbuttonfromHomescreenTest">
    <skipped/>
  </testcase> <!-- Searchforcounrty -->
  <system-out/>
  <testcase name="Searchforcounrty" time="0.000" classname="login.ClickloginbuttonfromHomescreenTest">
    <skipped/>
  </testcase> <!-- Searchforcounrty -->
  <system-out/>
  <testcase name="Searchforcounrty" time="0.000" classname="login.ClickloginbuttonfromHomescreenTest">
    <skipped/>
  </testcase> <!-- Searchforcounrty -->
  <system-out/>
  <testcase name="Searchforcounrty" time="0.000" classname="login.ClickloginbuttonfromHomescreenTest">
    <skipped/>
  </testcase> <!-- Searchforcounrty -->
  <system-out/>
  <testcase name="Searchforcounrty" time="0.000" classname="login.ClickloginbuttonfromHomescreenTest">
    <skipped/>
  </testcase> <!-- Searchforcounrty -->
  <system-out/>
  <testcase name="Searchforcounrty" time="0.000" classname="login.ClickloginbuttonfromHomescreenTest">
    <skipped/>
  </testcase> <!-- Searchforcounrty -->
  <system-out/>
  <testcase name="Searchforcounrty" time="0.000" classname="login.ClickloginbuttonfromHomescreenTest">
    <skipped/>
  </testcase> <!-- Searchforcounrty -->
  <system-out/>
  <testcase name="Searchforcounrty" time="0.000" classname="login.ClickloginbuttonfromHomescreenTest">
    <skipped/>
  </testcase> <!-- Searchforcounrty -->
  <system-out/>
  <testcase name="Searchforcounrty" time="0.000" classname="login.ClickloginbuttonfromHomescreenTest">
    <skipped/>
  </testcase> <!-- Searchforcounrty -->
  <system-out/>
  <testcase name="SelectEgypt" time="0.000" classname="login.ClickloginbuttonfromHomescreenTest">
    <skipped/>
  </testcase> <!-- SelectEgypt -->
  <system-out/>
  <testcase name="SelectEgypt" time="0.000" classname="login.ClickloginbuttonfromHomescreenTest">
    <skipped/>
  </testcase> <!-- SelectEgypt -->
  <system-out/>
  <testcase name="SelectEgypt" time="0.000" classname="login.ClickloginbuttonfromHomescreenTest">
    <skipped/>
  </testcase> <!-- SelectEgypt -->
  <system-out/>
  <testcase name="SelectEgypt" time="0.000" classname="login.ClickloginbuttonfromHomescreenTest">
    <skipped/>
  </testcase> <!-- SelectEgypt -->
  <system-out/>
  <testcase name="SelectEgypt" time="0.000" classname="login.ClickloginbuttonfromHomescreenTest">
    <skipped/>
  </testcase> <!-- SelectEgypt -->
  <system-out/>
  <testcase name="SelectEgypt" time="0.000" classname="login.ClickloginbuttonfromHomescreenTest">
    <skipped/>
  </testcase> <!-- SelectEgypt -->
  <system-out/>
  <testcase name="SelectEgypt" time="0.000" classname="login.ClickloginbuttonfromHomescreenTest">
    <skipped/>
  </testcase> <!-- SelectEgypt -->
  <system-out/>
  <testcase name="SelectEgypt" time="0.000" classname="login.ClickloginbuttonfromHomescreenTest">
    <skipped/>
  </testcase> <!-- SelectEgypt -->
  <system-out/>
  <testcase name="SelectEgypt" time="0.000" classname="login.ClickloginbuttonfromHomescreenTest">
    <skipped/>
  </testcase> <!-- SelectEgypt -->
  <system-out/>
  <testcase name="SelectEgypt" time="0.000" classname="login.ClickloginbuttonfromHomescreenTest">
    <skipped/>
  </testcase> <!-- SelectEgypt -->
  <system-out/>
  <testcase name="SelectEgypt" time="0.000" classname="login.ClickloginbuttonfromHomescreenTest">
    <skipped/>
  </testcase> <!-- SelectEgypt -->
  <system-out/>
  <testcase name="SelectEgypt" time="0.000" classname="login.ClickloginbuttonfromHomescreenTest">
    <skipped/>
  </testcase> <!-- SelectEgypt -->
  <system-out/>
  <testcase name="addMobileNumber" time="0.000" classname="login.ClickloginbuttonfromHomescreenTest">
    <skipped/>
  </testcase> <!-- addMobileNumber -->
  <system-out/>
  <testcase name="addMobileNumber" time="0.000" classname="login.ClickloginbuttonfromHomescreenTest">
    <skipped/>
  </testcase> <!-- addMobileNumber -->
  <system-out/>
  <testcase name="addMobileNumber" time="0.000" classname="login.ClickloginbuttonfromHomescreenTest">
    <skipped/>
  </testcase> <!-- addMobileNumber -->
  <system-out/>
  <testcase name="addMobileNumber" time="0.000" classname="login.ClickloginbuttonfromHomescreenTest">
    <skipped/>
  </testcase> <!-- addMobileNumber -->
  <system-out/>
  <testcase name="addMobileNumber" time="0.000" classname="login.ClickloginbuttonfromHomescreenTest">
    <skipped/>
  </testcase> <!-- addMobileNumber -->
  <system-out/>
  <testcase name="addMobileNumber" time="0.000" classname="login.ClickloginbuttonfromHomescreenTest">
    <skipped/>
  </testcase> <!-- addMobileNumber -->
  <system-out/>
  <testcase name="addMobileNumber" time="0.000" classname="login.ClickloginbuttonfromHomescreenTest">
    <skipped/>
  </testcase> <!-- addMobileNumber -->
  <system-out/>
  <testcase name="addMobileNumber" time="0.000" classname="login.ClickloginbuttonfromHomescreenTest">
    <skipped/>
  </testcase> <!-- addMobileNumber -->
  <system-out/>
  <testcase name="addMobileNumber" time="0.000" classname="login.ClickloginbuttonfromHomescreenTest">
    <skipped/>
  </testcase> <!-- addMobileNumber -->
  <system-out/>
  <testcase name="addMobileNumber" time="0.000" classname="login.ClickloginbuttonfromHomescreenTest">
    <skipped/>
  </testcase> <!-- addMobileNumber -->
  <system-out/>
  <testcase name="addMobileNumber" time="0.000" classname="login.ClickloginbuttonfromHomescreenTest">
    <skipped/>
  </testcase> <!-- addMobileNumber -->
  <system-out/>
  <testcase name="addMobileNumber" time="0.000" classname="login.ClickloginbuttonfromHomescreenTest">
    <skipped/>
  </testcase> <!-- addMobileNumber -->
  <system-out/>
  <testcase name="clickContinue" time="0.000" classname="login.ClickloginbuttonfromHomescreenTest">
    <skipped/>
  </testcase> <!-- clickContinue -->
  <system-out/>
  <testcase name="clickContinue" time="0.000" classname="login.ClickloginbuttonfromHomescreenTest">
    <skipped/>
  </testcase> <!-- clickContinue -->
  <system-out/>
  <testcase name="clickContinue" time="0.000" classname="login.ClickloginbuttonfromHomescreenTest">
    <skipped/>
  </testcase> <!-- clickContinue -->
  <system-out/>
  <testcase name="clickContinue" time="0.000" classname="login.ClickloginbuttonfromHomescreenTest">
    <skipped/>
  </testcase> <!-- clickContinue -->
  <system-out/>
  <testcase name="clickContinue" time="0.000" classname="login.ClickloginbuttonfromHomescreenTest">
    <skipped/>
  </testcase> <!-- clickContinue -->
  <system-out/>
  <testcase name="clickContinue" time="0.000" classname="login.ClickloginbuttonfromHomescreenTest">
    <skipped/>
  </testcase> <!-- clickContinue -->
  <system-out/>
  <testcase name="clickContinue" time="0.000" classname="login.ClickloginbuttonfromHomescreenTest">
    <skipped/>
  </testcase> <!-- clickContinue -->
  <system-out/>
  <testcase name="clickContinue" time="0.000" classname="login.ClickloginbuttonfromHomescreenTest">
    <skipped/>
  </testcase> <!-- clickContinue -->
  <system-out/>
  <testcase name="clickContinue" time="0.000" classname="login.ClickloginbuttonfromHomescreenTest">
    <skipped/>
  </testcase> <!-- clickContinue -->
  <system-out/>
  <testcase name="clickContinue" time="0.000" classname="login.ClickloginbuttonfromHomescreenTest">
    <skipped/>
  </testcase> <!-- clickContinue -->
  <system-out/>
  <testcase name="clickContinue" time="0.000" classname="login.ClickloginbuttonfromHomescreenTest">
    <skipped/>
  </testcase> <!-- clickContinue -->
  <system-out/>
  <testcase name="clickContinue" time="0.000" classname="login.ClickloginbuttonfromHomescreenTest">
    <skipped/>
  </testcase> <!-- clickContinue -->
  <system-out/>
  <testcase name="getotp" time="0.000" classname="login.ClickloginbuttonfromHomescreenTest">
    <skipped/>
  </testcase> <!-- getotp -->
  <system-out/>
  <testcase name="getotp" time="0.000" classname="login.ClickloginbuttonfromHomescreenTest">
    <skipped/>
  </testcase> <!-- getotp -->
  <system-out/>
  <testcase name="getotp" time="0.000" classname="login.ClickloginbuttonfromHomescreenTest">
    <skipped/>
  </testcase> <!-- getotp -->
  <system-out/>
  <testcase name="getotp" time="0.000" classname="login.ClickloginbuttonfromHomescreenTest">
    <skipped/>
  </testcase> <!-- getotp -->
  <system-out/>
  <testcase name="getotp" time="0.000" classname="login.ClickloginbuttonfromHomescreenTest">
    <skipped/>
  </testcase> <!-- getotp -->
  <system-out/>
  <testcase name="getotp" time="0.000" classname="login.ClickloginbuttonfromHomescreenTest">
    <skipped/>
  </testcase> <!-- getotp -->
  <system-out/>
  <testcase name="getotp" time="0.000" classname="login.ClickloginbuttonfromHomescreenTest">
    <skipped/>
  </testcase> <!-- getotp -->
  <system-out/>
  <testcase name="getotp" time="0.000" classname="login.ClickloginbuttonfromHomescreenTest">
    <skipped/>
  </testcase> <!-- getotp -->
  <system-out/>
  <testcase name="getotp" time="0.000" classname="login.ClickloginbuttonfromHomescreenTest">
    <skipped/>
  </testcase> <!-- getotp -->
  <system-out/>
  <testcase name="getotp" time="0.000" classname="login.ClickloginbuttonfromHomescreenTest">
    <skipped/>
  </testcase> <!-- getotp -->
  <system-out/>
  <testcase name="getotp" time="0.000" classname="login.ClickloginbuttonfromHomescreenTest">
    <skipped/>
  </testcase> <!-- getotp -->
  <system-out/>
  <testcase name="getotp" time="0.000" classname="login.ClickloginbuttonfromHomescreenTest">
    <skipped/>
  </testcase> <!-- getotp -->
  <system-out/>
</testsuite> <!-- login.ClickloginbuttonfromHomescreenTest -->
