<?xml version="1.0" encoding="UTF-8"?>
<!-- Generated by org.testng.reporters.JUnitReportReporter -->
<testsuite skipped="10" hostname="AS-40" name="profile.Profile_InvalidNameAndEmailTest" tests="10" failures="0" timestamp="2022-05-31T19:59:00 EET" time="0.000" errors="0">
  <testcase name="clickprofiletabFromMenu" time="0.000" classname="profile.Profile_InvalidNameAndEmailTest">
    <skipped/>
  </testcase> <!-- clickprofiletabFromMenu -->
  <system-out/>
  <testcase name="EditNamewithvalidNumber" time="0.000" classname="profile.Profile_InvalidNameAndEmailTest">
    <skipped/>
  </testcase> <!-- EditNamewithvalidNumber -->
  <system-out/>
  <testcase name="EditEmailwithvalidNumber" time="0.000" classname="profile.Profile_InvalidNameAndEmailTest">
    <skipped/>
  </testcase> <!-- EditEmailwithvalidNumber -->
  <system-out/>
  <testcase name="scrollitems" time="0.000" classname="profile.Profile_InvalidNameAndEmailTest">
    <skipped/>
  </testcase> <!-- scrollitems -->
  <system-out/>
  <testcase name="SaveButton" time="0.000" classname="profile.Profile_InvalidNameAndEmailTest">
    <skipped/>
  </testcase> <!-- SaveButton -->
  <system-out/>
  <testcase name="ValidateInvalidName" time="0.000" classname="profile.Profile_InvalidNameAndEmailTest">
    <skipped/>
  </testcase> <!-- ValidateInvalidName -->
  <system-out/>
  <testcase name="EditNamewithvalidآName" time="0.000" classname="profile.Profile_InvalidNameAndEmailTest">
    <skipped/>
  </testcase> <!-- EditNamewithvalidآName -->
  <system-out/>
  <testcase name="SaveButton2" time="0.000" classname="profile.Profile_InvalidNameAndEmailTest">
    <skipped/>
  </testcase> <!-- SaveButton2 -->
  <system-out/>
  <testcase name="ValidateInvalidEmail" time="0.000" classname="profile.Profile_InvalidNameAndEmailTest">
    <skipped/>
  </testcase> <!-- ValidateInvalidEmail -->
  <system-out/>
  <testcase name="ClickMenu" time="0.000" classname="profile.Profile_InvalidNameAndEmailTest">
    <skipped/>
  </testcase> <!-- ClickMenu -->
  <system-out/>
</testsuite> <!-- profile.Profile_InvalidNameAndEmailTest -->
