<?xml version="1.0" encoding="UTF-8"?>
<!-- Generated by org.testng.reporters.JUnitReportReporter -->
<testsuite skipped="0" hostname="AS-40" name="com.ERA.testcases.InvalidPickUPLocationTest" tests="6" failures="0" timestamp="2022-03-24T18:30:56 EET" time="70.129" errors="0">
  <testcase name="AddingDestination" time="11.838" classname="com.ERA.testcases.InvalidPickUPLocationTest"/>
  <system-out/>
  <testcase name="SendDestLocation" time="11.974" classname="com.ERA.testcases.InvalidPickUPLocationTest"/>
  <system-out/>
  <testcase name="ClickSearchresultItem" time="11.427" classname="com.ERA.testcases.InvalidPickUPLocationTest"/>
  <system-out/>
  <testcase name="AssertInvalidLocationWithSearch" time="11.611" classname="com.ERA.testcases.InvalidPickUPLocationTest"/>
  <system-out/>
  <testcase name="clickMenuIconFromHome" time="11.919" classname="com.ERA.testcases.InvalidPickUPLocationTest"/>
  <system-out/>
  <testcase name="ClickNewRequest" time="11.360" classname="com.ERA.testcases.InvalidPickUPLocationTest"/>
  <system-out/>
</testsuite> <!-- com.ERA.testcases.InvalidPickUPLocationTest -->
