<?xml version="1.0" encoding="UTF-8"?>
<!-- Generated by org.testng.reporters.JUnitReportReporter -->
<testsuite skipped="0" hostname="AS-40" name="profile.Profile_InvalidEmailTest" tests="9" failures="0" timestamp="2022-04-01T18:34:29 EET" time="59.257" errors="0">
  <testcase name="clickprofiletabFromMenu" time="6.342" classname="profile.Profile_InvalidEmailTest"/>
  <system-out/>
  <testcase name="EditNamewithvalidNumber" time="6.930" classname="profile.Profile_InvalidEmailTest"/>
  <system-out/>
  <testcase name="EditEmailwithvalidNumber" time="7.008" classname="profile.Profile_InvalidEmailTest"/>
  <system-out/>
  <testcase name="scrollitems" time="6.644" classname="profile.Profile_InvalidEmailTest"/>
  <system-out/>
  <testcase name="SaveButton" time="6.343" classname="profile.Profile_InvalidEmailTest"/>
  <system-out/>
  <testcase name="ValidateInvalidName" time="6.347" classname="profile.Profile_InvalidEmailTest"/>
  <system-out/>
  <testcase name="EditNamewithvalidØ¢Name" time="6.935" classname="profile.Profile_InvalidEmailTest"/>
  <system-out/>
  <testcase name="SaveButton2" time="6.375" classname="profile.Profile_InvalidEmailTest"/>
  <system-out/>
  <testcase name="ValidateInvalidEmail" time="6.333" classname="profile.Profile_InvalidEmailTest"/>
  <system-out/>
</testsuite> <!-- profile.Profile_InvalidEmailTest -->
