<?xml version="1.0" encoding="UTF-8"?>
<!-- Generated by org.testng.reporters.JUnitReportReporter -->
<testsuite skipped="0" hostname="AS-40" name="profile.ProfileTest" tests="5" failures="0" timestamp="2022-04-01T18:56:26 EET" time="33.733" errors="0">
  <testcase name="clickprofiletabFromMenu" time="6.338" classname="profile.ProfileTest"/>
  <system-out/>
  <testcase name="EditNamewithvalidØ¢Name" time="7.527" classname="profile.ProfileTest"/>
  <system-out/>
  <testcase name="EditEmailwithvalidEmail" time="6.917" classname="profile.ProfileTest"/>
  <system-out/>
  <testcase name="scrollitems" time="6.628" classname="profile.ProfileTest"/>
  <system-out/>
  <testcase name="SaveButton" time="6.323" classname="profile.ProfileTest"/>
  <system-out/>
</testsuite> <!-- profile.ProfileTest -->
