<?xml version="1.0" encoding="UTF-8"?>
<!-- Generated by org.testng.reporters.JUnitReportReporter -->
<testsuite skipped="0" hostname="AS-40" name="com.ERA.testcases.LoginWithInvalidMobileNumberTest" tests="8" failures="0" timestamp="2022-03-22T11:21:48 EET" time="44.133" errors="0">
  <testcase name="clcikLogin" time="5.428" classname="com.ERA.testcases.LoginWithInvalidMobileNumberTest"/>
  <system-out/>
  <testcase name="SelectCountyCode" time="5.324" classname="com.ERA.testcases.LoginWithInvalidMobileNumberTest"/>
  <system-out/>
  <testcase name="Searchforcounrty" time="5.946" classname="com.ERA.testcases.LoginWithInvalidMobileNumberTest"/>
  <system-out/>
  <testcase name="SelectEgypt" time="5.440" classname="com.ERA.testcases.LoginWithInvalidMobileNumberTest"/>
  <system-out/>
  <testcase name="addMobileNumber" time="5.890" classname="com.ERA.testcases.LoginWithInvalidMobileNumberTest"/>
  <system-out/>
  <testcase name="clickContinue" time="5.409" classname="com.ERA.testcases.LoginWithInvalidMobileNumberTest"/>
  <system-out/>
  <testcase name="AssertInvalidLoginMobileNumber" time="5.326" classname="com.ERA.testcases.LoginWithInvalidMobileNumberTest"/>
  <system-out/>
  <testcase name="ClickBackTOHome" time="5.370" classname="com.ERA.testcases.LoginWithInvalidMobileNumberTest"/>
  <system-out/>
</testsuite> <!-- com.ERA.testcases.LoginWithInvalidMobileNumberTest -->
