<?xml version="1.0" encoding="UTF-8"?>
<!-- Generated by org.testng.reporters.JUnitReportReporter -->
<testsuite skipped="0" hostname="AS-40" name="com.ERA.testcases.ClickloginbuttonfromHomescreenTest" tests="7" failures="0" timestamp="2022-03-13T13:49:45 EET" time="15.310" errors="0">
  <testcase name="clcikLogin" time="2.479" classname="com.ERA.testcases.ClickloginbuttonfromHomescreenTest"/>
  <system-out/>
  <testcase name="SelectCountyCode" time="1.049" classname="com.ERA.testcases.ClickloginbuttonfromHomescreenTest"/>
  <system-out/>
  <testcase name="Searchforcounrty" time="1.580" classname="com.ERA.testcases.ClickloginbuttonfromHomescreenTest"/>
  <system-out/>
  <testcase name="SelectEgypt" time="0.723" classname="com.ERA.testcases.ClickloginbuttonfromHomescreenTest"/>
  <system-out/>
  <testcase name="addMobileNumber" time="0.858" classname="com.ERA.testcases.ClickloginbuttonfromHomescreenTest"/>
  <system-out/>
  <testcase name="clickContinue" time="0.538" classname="com.ERA.testcases.ClickloginbuttonfromHomescreenTest"/>
  <system-out/>
  <testcase name="getotp" time="8.083" classname="com.ERA.testcases.ClickloginbuttonfromHomescreenTest"/>
  <system-out/>
</testsuite> <!-- com.ERA.testcases.ClickloginbuttonfromHomescreenTest -->
