<?xml version="1.0" encoding="UTF-8"?>
<!-- Generated by org.testng.reporters.JUnitReportReporter -->
<testsuite skipped="0" hostname="AS-40" name="com.ERA.testcases.Login_EditMobileNumberTest" tests="13" failures="0" timestamp="2022-03-24T18:30:56 EET" time="154.761" errors="0">
  <testcase name="clcikLogin" time="11.355" classname="com.ERA.testcases.Login_EditMobileNumberTest"/>
  <system-out/>
  <testcase name="SelectCountyCode" time="11.356" classname="com.ERA.testcases.Login_EditMobileNumberTest"/>
  <system-out/>
  <testcase name="Searchforcounrty" time="11.963" classname="com.ERA.testcases.Login_EditMobileNumberTest"/>
  <system-out/>
  <testcase name="SelectEgypt" time="11.399" classname="com.ERA.testcases.Login_EditMobileNumberTest"/>
  <system-out/>
  <testcase name="addMobileNumber" time="11.824" classname="com.ERA.testcases.Login_EditMobileNumberTest"/>
  <system-out/>
  <testcase name="clickContinue" time="11.339" classname="com.ERA.testcases.Login_EditMobileNumberTest"/>
  <system-out/>
  <testcase name="EditMobileNumber" time="11.642" classname="com.ERA.testcases.Login_EditMobileNumberTest"/>
  <system-out/>
  <testcase name="EditMobileNumber" time="11.307" classname="com.ERA.testcases.Login_EditMobileNumberTest"/>
  <system-out/>
  <testcase name="clickCntinue" time="11.328" classname="com.ERA.testcases.Login_EditMobileNumberTest"/>
  <system-out/>
  <testcase name="getotp" time="16.773" classname="com.ERA.testcases.Login_EditMobileNumberTest"/>
  <system-out/>
  <testcase name="clickMenuIconFromHome" time="11.835" classname="com.ERA.testcases.Login_EditMobileNumberTest"/>
  <system-out/>
  <testcase name="clickLogout" time="11.335" classname="com.ERA.testcases.Login_EditMobileNumberTest"/>
  <system-out/>
  <testcase name="clickSkip" time="11.305" classname="com.ERA.testcases.Login_EditMobileNumberTest"/>
  <system-out/>
</testsuite> <!-- com.ERA.testcases.Login_EditMobileNumberTest -->
