<?xml version="1.0" encoding="UTF-8"?>
<!-- Generated by org.testng.reporters.JUnitReportReporter -->
<testsuite skipped="0" hostname="AS-40" name="com.ERA.testcases.addNormalFuelRequestTest" tests="10" failures="0" timestamp="2022-03-21T14:42:38 EET" time="24.495" errors="0">
  <testcase name="MoveMap" time="4.168" classname="com.ERA.testcases.addNormalFuelRequestTest"/>
  <system-out/>
  <testcase name="Dragsheet" time="0.997" classname="com.ERA.testcases.addNormalFuelRequestTest"/>
  <system-out/>
  <testcase name="selectFuelService" time="6.788" classname="com.ERA.testcases.addNormalFuelRequestTest"/>
  <system-out/>
  <testcase name="SelectFuelType" time="0.969" classname="com.ERA.testcases.addNormalFuelRequestTest"/>
  <system-out/>
  <testcase name="ConfirmfuelType" time="1.027" classname="com.ERA.testcases.addNormalFuelRequestTest"/>
  <system-out/>
  <testcase name="ConfirmpaymentButton" time="2.006" classname="com.ERA.testcases.addNormalFuelRequestTest"/>
  <system-out/>
  <testcase name="SelectCash" time="1.882" classname="com.ERA.testcases.addNormalFuelRequestTest"/>
  <system-out/>
  <testcase name="ConfirmCashPayment" time="0.957" classname="com.ERA.testcases.addNormalFuelRequestTest"/>
  <system-out/>
  <testcase name="CancelFuelRequest" time="4.928" classname="com.ERA.testcases.addNormalFuelRequestTest"/>
  <system-out/>
  <testcase name="CancelBnFuelRequest" time="0.773" classname="com.ERA.testcases.addNormalFuelRequestTest"/>
  <system-out/>
</testsuite> <!-- com.ERA.testcases.addNormalFuelRequestTest -->
