<?xml version="1.0" encoding="UTF-8"?>
<!-- Generated by org.testng.reporters.JUnitReportReporter -->
<testsuite skipped="0" hostname="AS-40" name="com.ERA.testcases.LoginWithInvalidSmsCodeTest" tests="10" failures="0" timestamp="2022-03-22T11:21:48 EET" time="60.073" errors="0">
  <testcase name="clcikLogin" time="5.353" classname="com.ERA.testcases.LoginWithInvalidSmsCodeTest"/>
  <system-out/>
  <testcase name="SelectCountyCode" time="5.299" classname="com.ERA.testcases.LoginWithInvalidSmsCodeTest"/>
  <system-out/>
  <testcase name="Searchforcounrty" time="5.451" classname="com.ERA.testcases.LoginWithInvalidSmsCodeTest"/>
  <system-out/>
  <testcase name="SelectEgypt" time="5.400" classname="com.ERA.testcases.LoginWithInvalidSmsCodeTest"/>
  <system-out/>
  <testcase name="addMobileNumber" time="5.839" classname="com.ERA.testcases.LoginWithInvalidSmsCodeTest"/>
  <system-out/>
  <testcase name="clickContinue" time="5.333" classname="com.ERA.testcases.LoginWithInvalidSmsCodeTest"/>
  <system-out/>
  <testcase name="getotp" time="10.597" classname="com.ERA.testcases.LoginWithInvalidSmsCodeTest"/>
  <system-out/>
  <testcase name="AssertInvalidOtp" time="5.948" classname="com.ERA.testcases.LoginWithInvalidSmsCodeTest"/>
  <system-out/>
  <testcase name="ClickBackArrow" time="5.421" classname="com.ERA.testcases.LoginWithInvalidSmsCodeTest"/>
  <system-out/>
  <testcase name="ClickBackTOHome" time="5.432" classname="com.ERA.testcases.LoginWithInvalidSmsCodeTest"/>
  <system-out/>
</testsuite> <!-- com.ERA.testcases.LoginWithInvalidSmsCodeTest -->
