<?xml version="1.0" encoding="UTF-8"?>
<!-- Generated by org.testng.reporters.JUnitReportReporter -->
<testsuite skipped="0" hostname="AS-40" name="com.ERA.testcases.LoginWithInvalidMobileNumberTest" tests="8" failures="0" timestamp="2022-03-21T14:42:38 EET" time="6.614" errors="0">
  <testcase name="clcikLogin" time="1.197" classname="com.ERA.testcases.LoginWithInvalidMobileNumberTest"/>
  <system-out/>
  <testcase name="SelectCountyCode" time="0.729" classname="com.ERA.testcases.LoginWithInvalidMobileNumberTest"/>
  <system-out/>
  <testcase name="Searchforcounrty" time="1.319" classname="com.ERA.testcases.LoginWithInvalidMobileNumberTest"/>
  <system-out/>
  <testcase name="SelectEgypt" time="0.662" classname="com.ERA.testcases.LoginWithInvalidMobileNumberTest"/>
  <system-out/>
  <testcase name="addMobileNumber" time="1.094" classname="com.ERA.testcases.LoginWithInvalidMobileNumberTest"/>
  <system-out/>
  <testcase name="clickContinue" time="0.539" classname="com.ERA.testcases.LoginWithInvalidMobileNumberTest"/>
  <system-out/>
  <testcase name="AssertInvalidLoginMobileNumber" time="0.681" classname="com.ERA.testcases.LoginWithInvalidMobileNumberTest"/>
  <system-out/>
  <testcase name="ClickBackTOHome" time="0.393" classname="com.ERA.testcases.LoginWithInvalidMobileNumberTest"/>
  <system-out/>
</testsuite> <!-- com.ERA.testcases.LoginWithInvalidMobileNumberTest -->
