<?xml version="1.0" encoding="UTF-8"?>
<!-- Generated by org.testng.reporters.JUnitReportReporter -->
<testsuite skipped="0" hostname="AS-40" name="common.RequestHistoryTest" tests="7" failures="0" timestamp="2022-04-01T11:06:37 EET" time="82.295" errors="0">
  <testcase name="ClickMenu" time="6.322" classname="common.RequestHistoryTest"/>
  <system-out/>
  <testcase name="MenuRequestHistory" time="6.871" classname="common.RequestHistoryTest"/>
  <system-out/>
  <testcase name="scrollitems" time="21.544" classname="common.RequestHistoryTest"/>
  <system-out/>
  <testcase name="ClickFristItemRequestHistory" time="6.324" classname="common.RequestHistoryTest"/>
  <system-out/>
  <testcase name="scrollitemetails" time="23.602" classname="common.RequestHistoryTest"/>
  <system-out/>
  <testcase name="callriver" time="11.252" classname="common.RequestHistoryTest"/>
  <system-out/>
  <testcase name="ratedriver" time="6.380" classname="common.RequestHistoryTest"/>
  <system-out/>
</testsuite> <!-- common.RequestHistoryTest -->
