<?xml version="1.0" encoding="UTF-8"?>
<!-- Generated by org.testng.reporters.JUnitReportReporter -->
<testsuite skipped="0" hostname="AS-40" name="com.ERA.testcases.addNormalFuelRequestTest" tests="10" failures="0" timestamp="2022-03-24T18:30:56 EET" time="116.224" errors="0">
  <testcase name="MoveMap" time="11.645" classname="com.ERA.testcases.addNormalFuelRequestTest"/>
  <system-out/>
  <testcase name="Dragsheet" time="11.732" classname="com.ERA.testcases.addNormalFuelRequestTest"/>
  <system-out/>
  <testcase name="selectFuelService" time="11.779" classname="com.ERA.testcases.addNormalFuelRequestTest"/>
  <system-out/>
  <testcase name="SelectFuelType" time="12.072" classname="com.ERA.testcases.addNormalFuelRequestTest"/>
  <system-out/>
  <testcase name="ConfirmfuelType" time="11.916" classname="com.ERA.testcases.addNormalFuelRequestTest"/>
  <system-out/>
  <testcase name="ConfirmpaymentButton" time="11.370" classname="com.ERA.testcases.addNormalFuelRequestTest"/>
  <system-out/>
  <testcase name="SelectCash" time="11.575" classname="com.ERA.testcases.addNormalFuelRequestTest"/>
  <system-out/>
  <testcase name="ConfirmCashPayment" time="11.335" classname="com.ERA.testcases.addNormalFuelRequestTest"/>
  <system-out/>
  <testcase name="CancelFuelRequest" time="11.409" classname="com.ERA.testcases.addNormalFuelRequestTest"/>
  <system-out/>
  <testcase name="CancelBnFuelRequest" time="11.391" classname="com.ERA.testcases.addNormalFuelRequestTest"/>
  <system-out/>
</testsuite> <!-- com.ERA.testcases.addNormalFuelRequestTest -->
