<?xml version="1.0" encoding="UTF-8"?>
<!-- Generated by org.testng.reporters.JUnitReportReporter -->
<testsuite skipped="0" hostname="AS-40" name="com.ERA.testcases.addNormalTowingRequestTest" tests="9" failures="0" timestamp="2022-03-30T13:19:13 EET" time="34.292" errors="0">
  <testcase name="selectTowingService" time="4.906" classname="com.ERA.testcases.addNormalTowingRequestTest"/>
  <system-out/>
  <testcase name="selectNormalTowing" time="4.334" classname="com.ERA.testcases.addNormalTowingRequestTest"/>
  <system-out/>
  <testcase name="AddingDestination" time="3.645" classname="com.ERA.testcases.addNormalTowingRequestTest"/>
  <system-out/>
  <testcase name="ClickSearchDest" time="3.291" classname="com.ERA.testcases.addNormalTowingRequestTest"/>
  <system-out/>
  <testcase name="SendDestLocation" time="4.008" classname="com.ERA.testcases.addNormalTowingRequestTest"/>
  <system-out/>
  <testcase name="ClickSearchItem" time="3.680" classname="com.ERA.testcases.addNormalTowingRequestTest"/>
  <system-out/>
  <testcase name="ConfirmDestination" time="3.342" classname="com.ERA.testcases.addNormalTowingRequestTest"/>
  <system-out/>
  <testcase name="ConfirmTowingRequest" time="3.751" classname="com.ERA.testcases.addNormalTowingRequestTest"/>
  <system-out/>
  <testcase name="ConfirmPaymentTowingRequest" time="3.335" classname="com.ERA.testcases.addNormalTowingRequestTest"/>
  <system-out/>
</testsuite> <!-- com.ERA.testcases.addNormalTowingRequestTest -->
