<?xml version="1.0" encoding="UTF-8"?>
<!-- Generated by org.testng.reporters.JUnitReportReporter -->
<testsuite skipped="0" hostname="AS-40" name="com.ERA.testcases.RequestHistoryTest" tests="7" failures="0" timestamp="2022-03-31T09:25:02 EET" time="69.229" errors="0">
  <testcase name="ClickMenu" time="20.691" classname="com.ERA.testcases.RequestHistoryTest"/>
  <system-out/>
  <testcase name="MenuRequestHistory" time="6.328" classname="com.ERA.testcases.RequestHistoryTest"/>
  <system-out/>
  <testcase name="scrollitems" time="9.365" classname="com.ERA.testcases.RequestHistoryTest"/>
  <system-out/>
  <testcase name="ClickFristItemRequestHistory" time="7.837" classname="com.ERA.testcases.RequestHistoryTest"/>
  <system-out/>
  <testcase name="scrollitemetails" time="6.619" classname="com.ERA.testcases.RequestHistoryTest"/>
  <system-out/>
  <testcase name="callriver" time="12.056" classname="com.ERA.testcases.RequestHistoryTest"/>
  <system-out/>
  <testcase name="ratedriver" time="6.333" classname="com.ERA.testcases.RequestHistoryTest"/>
  <system-out/>
</testsuite> <!-- com.ERA.testcases.RequestHistoryTest -->
