<?xml version="1.0" encoding="UTF-8"?>
<!-- Generated by org.testng.reporters.JUnitReportReporter -->
<testsuite skipped="2" hostname="AS-40" name="driverApi.API_Driver_vehiclepickedup_Test" tests="2" failures="0" timestamp="2022-05-31T19:59:00 EET" time="0.000" errors="0">
  <testcase name="vehiclepickedup" time="0.000" classname="driverApi.API_Driver_vehiclepickedup_Test">
    <skipped/>
  </testcase> <!-- vehiclepickedup -->
  <system-out/>
  <testcase name="verifyqrcode" time="0.000" classname="driverApi.API_Driver_vehiclepickedup_Test">
    <skipped/>
  </testcase> <!-- verifyqrcode -->
  <system-out/>
</testsuite> <!-- driverApi.API_Driver_vehiclepickedup_Test -->
