<?xml version="1.0" encoding="UTF-8"?>
<!-- Generated by org.testng.reporters.JUnitReportReporter -->
<testsuite skipped="4" hostname="AS-40" name="driverApi.API_Driver_savemissingfieldvalue_Test" tests="4" failures="0" timestamp="2022-05-31T19:59:00 EET" time="0.000" errors="0">
  <testcase name="savemissingfieldvalue" time="0.000" classname="driverApi.API_Driver_savemissingfieldvalue_Test">
    <skipped/>
  </testcase> <!-- savemissingfieldvalue -->
  <system-out/>
  <testcase name="savemissingfieldvalue" time="0.000" classname="driverApi.API_Driver_savemissingfieldvalue_Test">
    <skipped/>
  </testcase> <!-- savemissingfieldvalue -->
  <system-out/>
  <testcase name="savemissingfieldvalue" time="0.000" classname="driverApi.API_Driver_savemissingfieldvalue_Test">
    <skipped/>
  </testcase> <!-- savemissingfieldvalue -->
  <system-out/>
  <testcase name="savemissingfieldvalue" time="0.000" classname="driverApi.API_Driver_savemissingfieldvalue_Test">
    <skipped/>
  </testcase> <!-- savemissingfieldvalue -->
  <system-out/>
</testsuite> <!-- driverApi.API_Driver_savemissingfieldvalue_Test -->
