<?xml version="1.0" encoding="UTF-8"?>
<!-- Generated by org.testng.reporters.JUnitReportReporter -->
<testsuite skipped="0" hostname="AS-40" name="com.ERA.testcases.SkipupdateTest" tests="1" failures="0" timestamp="2022-03-01T23:54:26 EET" time="3.285" errors="0">
  <testcase name="clickSkip" time="3.285" classname="com.ERA.testcases.SkipupdateTest"/>
  <system-out/>
</testsuite> <!-- com.ERA.testcases.SkipupdateTest -->
