<?xml version="1.0" encoding="UTF-8"?>
<!-- Generated by org.testng.reporters.JUnitReportReporter -->
<testsuite skipped="6" hostname="AS-40" name="profile.Profile_InvalidEmailFormatTest" tests="6" failures="0" timestamp="2022-05-31T19:59:00 EET" time="0.000" errors="0">
  <testcase name="clickprofiletabFromMenu" time="0.000" classname="profile.Profile_InvalidEmailFormatTest">
    <skipped/>
  </testcase> <!-- clickprofiletabFromMenu -->
  <system-out/>
  <testcase name="EditEmailwithvalidNumber" time="0.000" classname="profile.Profile_InvalidEmailFormatTest">
    <skipped/>
  </testcase> <!-- EditEmailwithvalidNumber -->
  <system-out/>
  <testcase name="scrollitems" time="0.000" classname="profile.Profile_InvalidEmailFormatTest">
    <skipped/>
  </testcase> <!-- scrollitems -->
  <system-out/>
  <testcase name="SaveButton" time="0.000" classname="profile.Profile_InvalidEmailFormatTest">
    <skipped/>
  </testcase> <!-- SaveButton -->
  <system-out/>
  <testcase name="ValidateInvalidEmailFormat" time="0.000" classname="profile.Profile_InvalidEmailFormatTest">
    <skipped/>
  </testcase> <!-- ValidateInvalidEmailFormat -->
  <system-out/>
  <testcase name="ClickMenu" time="0.000" classname="profile.Profile_InvalidEmailFormatTest">
    <skipped/>
  </testcase> <!-- ClickMenu -->
  <system-out/>
</testsuite> <!-- profile.Profile_InvalidEmailFormatTest -->
