<?xml version="1.0" encoding="UTF-8"?>
<!-- Generated by org.testng.reporters.JUnitReportReporter -->
<testsuite skipped="0" hostname="AS-40" name="com.ERA.testcases.addNormalBatteryRequestTest" tests="7" failures="0" timestamp="2022-03-22T11:21:48 EET" time="39.630" errors="0">
  <testcase name="MoveMap" time="6.148" classname="com.ERA.testcases.addNormalBatteryRequestTest"/>
  <system-out/>
  <testcase name="DragServiceSheet" time="5.883" classname="com.ERA.testcases.addNormalBatteryRequestTest"/>
  <system-out/>
  <testcase name="SelectBattery" time="5.649" classname="com.ERA.testcases.addNormalBatteryRequestTest"/>
  <system-out/>
  <testcase name="ConfirmSummery" time="5.428" classname="com.ERA.testcases.addNormalBatteryRequestTest"/>
  <system-out/>
  <testcase name="ConfirmBaymnet" time="5.591" classname="com.ERA.testcases.addNormalBatteryRequestTest"/>
  <system-out/>
  <testcase name="CancelLink" time="5.440" classname="com.ERA.testcases.addNormalBatteryRequestTest"/>
  <system-out/>
  <testcase name="CancelBn" time="5.491" classname="com.ERA.testcases.addNormalBatteryRequestTest"/>
  <system-out/>
</testsuite> <!-- com.ERA.testcases.addNormalBatteryRequestTest -->
