<?xml version="1.0" encoding="UTF-8"?>
<!-- Generated by org.testng.reporters.JUnitReportReporter -->
<testsuite skipped="0" hostname="AS-40" name="com.ERA.testcases.addNormalBatteryRequestTest" tests="7" failures="0" timestamp="2022-03-18T16:24:03 EET" time="17.839" errors="0">
  <testcase name="MoveMap" time="5.183" classname="com.ERA.testcases.addNormalBatteryRequestTest"/>
  <system-out/>
  <testcase name="DragServiceSheet" time="0.953" classname="com.ERA.testcases.addNormalBatteryRequestTest"/>
  <system-out/>
  <testcase name="SelectBattery" time="1.631" classname="com.ERA.testcases.addNormalBatteryRequestTest"/>
  <system-out/>
  <testcase name="ConfirmSummery" time="2.026" classname="com.ERA.testcases.addNormalBatteryRequestTest"/>
  <system-out/>
  <testcase name="ConfirmBaymnet" time="1.986" classname="com.ERA.testcases.addNormalBatteryRequestTest"/>
  <system-out/>
  <testcase name="CancelLink" time="5.239" classname="com.ERA.testcases.addNormalBatteryRequestTest"/>
  <system-out/>
  <testcase name="CancelBn" time="0.821" classname="com.ERA.testcases.addNormalBatteryRequestTest"/>
  <system-out/>
</testsuite> <!-- com.ERA.testcases.addNormalBatteryRequestTest -->
