<?xml version="1.0" encoding="UTF-8"?>
<!-- Generated by org.testng.reporters.JUnitReportReporter -->
<testsuite skipped="0" hostname="AS-40" name="com.ERA.testcases.ClickloginbuttonfromHomescreenTest" tests="7" failures="0" timestamp="2022-03-30T12:49:51 EET" time="32.045" errors="0">
  <testcase name="clcikLogin" time="3.869" classname="com.ERA.testcases.ClickloginbuttonfromHomescreenTest"/>
  <system-out/>
  <testcase name="SelectCountyCode" time="3.373" classname="com.ERA.testcases.ClickloginbuttonfromHomescreenTest"/>
  <system-out/>
  <testcase name="Searchforcounrty" time="3.963" classname="com.ERA.testcases.ClickloginbuttonfromHomescreenTest"/>
  <system-out/>
  <testcase name="SelectEgypt" time="3.419" classname="com.ERA.testcases.ClickloginbuttonfromHomescreenTest"/>
  <system-out/>
  <testcase name="addMobileNumber" time="3.364" classname="com.ERA.testcases.ClickloginbuttonfromHomescreenTest"/>
  <system-out/>
  <testcase name="clickContinue" time="3.309" classname="com.ERA.testcases.ClickloginbuttonfromHomescreenTest"/>
  <system-out/>
  <testcase name="getotp" time="10.748" classname="com.ERA.testcases.ClickloginbuttonfromHomescreenTest"/>
  <system-out/>
</testsuite> <!-- com.ERA.testcases.ClickloginbuttonfromHomescreenTest -->
