<?xml version="1.0" encoding="UTF-8"?>
<!-- Generated by org.testng.reporters.JUnitReportReporter -->
<testsuite hostname="RAli-NBQC" failures="0" tests="1" name="com.ERA.testcases.SkipupdateTest" time="26.619" errors="0" timestamp="2022-03-26T14:41:56 EET" skipped="0">
  <testcase classname="com.ERA.testcases.SkipupdateTest" name="clickSkip" time="26.619"/>
  <system-out/>
</testsuite> <!-- com.ERA.testcases.SkipupdateTest -->
