<?xml version="1.0" encoding="UTF-8"?>
<!-- Generated by org.testng.reporters.JUnitReportReporter -->
<testsuite hostname="RAli-NBQC" failures="0" tests="1" name="com.ERA.testcases.allowLocationPermissionTest" time="3.050" errors="0" timestamp="2022-03-14T14:24:50 EET" skipped="0">
  <testcase classname="com.ERA.testcases.allowLocationPermissionTest" name="clcallowLocationPermissionTestikLogin" time="3.050"/>
  <system-out/>
</testsuite> <!-- com.ERA.testcases.allowLocationPermissionTest -->
