<?xml version="1.0" encoding="UTF-8"?>
<!-- Generated by org.testng.reporters.JUnitReportReporter -->
<testsuite skipped="0" hostname="AS-40" name="com.ERA.testcases.ClickloginbuttonfromHomescreenTest" tests="7" failures="0" timestamp="2022-03-31T11:11:15 EET" time="51.798" errors="0">
  <testcase name="clcikLogin" time="6.417" classname="com.ERA.testcases.ClickloginbuttonfromHomescreenTest"/>
  <system-out/>
  <testcase name="SelectCountyCode" time="6.370" classname="com.ERA.testcases.ClickloginbuttonfromHomescreenTest"/>
  <system-out/>
  <testcase name="Searchforcounrty" time="7.027" classname="com.ERA.testcases.ClickloginbuttonfromHomescreenTest"/>
  <system-out/>
  <testcase name="SelectEgypt" time="6.442" classname="com.ERA.testcases.ClickloginbuttonfromHomescreenTest"/>
  <system-out/>
  <testcase name="addMobileNumber" time="6.829" classname="com.ERA.testcases.ClickloginbuttonfromHomescreenTest"/>
  <system-out/>
  <testcase name="clickContinue" time="6.359" classname="com.ERA.testcases.ClickloginbuttonfromHomescreenTest"/>
  <system-out/>
  <testcase name="getotp" time="12.354" classname="com.ERA.testcases.ClickloginbuttonfromHomescreenTest"/>
  <system-out/>
</testsuite> <!-- com.ERA.testcases.ClickloginbuttonfromHomescreenTest -->
