<?xml version="1.0" encoding="UTF-8"?>
<!-- Generated by org.testng.reporters.JUnitReportReporter -->
<testsuite skipped="0" hostname="AS-40" name="com.ERA.testcases.addNormalFuelRequestTest" tests="10" failures="0" timestamp="2022-03-18T16:24:03 EET" time="41.671" errors="0">
  <testcase name="MoveMap" time="22.747" classname="com.ERA.testcases.addNormalFuelRequestTest"/>
  <system-out/>
  <testcase name="Dragsheet" time="1.125" classname="com.ERA.testcases.addNormalFuelRequestTest"/>
  <system-out/>
  <testcase name="selectFuelService" time="1.886" classname="com.ERA.testcases.addNormalFuelRequestTest"/>
  <system-out/>
  <testcase name="SelectFuelType" time="2.778" classname="com.ERA.testcases.addNormalFuelRequestTest"/>
  <system-out/>
  <testcase name="ConfirmfuelType" time="1.011" classname="com.ERA.testcases.addNormalFuelRequestTest"/>
  <system-out/>
  <testcase name="ConfirmpaymentButton" time="1.971" classname="com.ERA.testcases.addNormalFuelRequestTest"/>
  <system-out/>
  <testcase name="SelectCash" time="1.992" classname="com.ERA.testcases.addNormalFuelRequestTest"/>
  <system-out/>
  <testcase name="ConfirmCashPayment" time="1.048" classname="com.ERA.testcases.addNormalFuelRequestTest"/>
  <system-out/>
  <testcase name="CancelFuelRequest" time="6.120" classname="com.ERA.testcases.addNormalFuelRequestTest"/>
  <system-out/>
  <testcase name="CancelBnFuelRequest" time="0.993" classname="com.ERA.testcases.addNormalFuelRequestTest"/>
  <system-out/>
</testsuite> <!-- com.ERA.testcases.addNormalFuelRequestTest -->
