<?xml version="1.0" encoding="UTF-8"?>
<!-- Generated by org.testng.reporters.JUnitReportReporter -->
<testsuite skipped="0" hostname="AS-40" name="com.ERA.testcases.InvalidPickUPLocationTest" tests="4" failures="0" timestamp="2022-03-20T11:47:24 EET" time="11.988" errors="0">
  <testcase name="AddingDestination" time="6.792" classname="com.ERA.testcases.InvalidPickUPLocationTest"/>
  <system-out/>
  <testcase name="SendDestLocation" time="1.261" classname="com.ERA.testcases.InvalidPickUPLocationTest"/>
  <system-out/>
  <testcase name="ClickSearchresultItem" time="1.419" classname="com.ERA.testcases.InvalidPickUPLocationTest"/>
  <system-out/>
  <testcase name="AssertInvalidLocationWithSearch" time="2.516" classname="com.ERA.testcases.InvalidPickUPLocationTest"/>
  <system-out/>
</testsuite> <!-- com.ERA.testcases.InvalidPickUPLocationTest -->
