<?xml version="1.0" encoding="UTF-8"?>
<!-- Generated by org.testng.reporters.JUnitReportReporter -->
<testsuite skipped="0" hostname="AS-40" name="com.ERA.testcases.SkipupdateTest" tests="1" failures="0" timestamp="2022-03-30T12:49:51 EET" time="23.826" errors="0">
  <testcase name="clickSkip" time="23.826" classname="com.ERA.testcases.SkipupdateTest"/>
  <system-out/>
</testsuite> <!-- com.ERA.testcases.SkipupdateTest -->
