<?xml version="1.0" encoding="UTF-8"?>
<!-- Generated by org.testng.reporters.JUnitReportReporter -->
<testsuite skipped="0" hostname="AS-40" name="driverApi.API_Driver_savemissingfieldvalue_Test" tests="2" failures="0" timestamp="2022-04-12T12:40:49 EET" time="15.653" errors="0">
  <testcase name="savemissingfieldvalue" time="7.520" classname="driverApi.API_Driver_savemissingfieldvalue_Test"/>
  <system-out/>
  <testcase name="savemissingfieldvalue" time="8.133" classname="driverApi.API_Driver_savemissingfieldvalue_Test"/>
  <system-out/>
</testsuite> <!-- driverApi.API_Driver_savemissingfieldvalue_Test -->
