<?xml version="1.0" encoding="UTF-8"?>
<!-- Generated by org.testng.reporters.JUnitReportReporter -->
<testsuite skipped="0" hostname="AS-40" name="com.ERA.testcases.Login_EditMobileNumberTest" tests="13" failures="0" timestamp="2022-03-21T14:42:38 EET" time="25.090" errors="0">
  <testcase name="clcikLogin" time="1.149" classname="com.ERA.testcases.Login_EditMobileNumberTest"/>
  <system-out/>
  <testcase name="SelectCountyCode" time="0.768" classname="com.ERA.testcases.Login_EditMobileNumberTest"/>
  <system-out/>
  <testcase name="Searchforcounrty" time="1.312" classname="com.ERA.testcases.Login_EditMobileNumberTest"/>
  <system-out/>
  <testcase name="SelectEgypt" time="0.753" classname="com.ERA.testcases.Login_EditMobileNumberTest"/>
  <system-out/>
  <testcase name="addMobileNumber" time="1.177" classname="com.ERA.testcases.Login_EditMobileNumberTest"/>
  <system-out/>
  <testcase name="clickContinue" time="0.581" classname="com.ERA.testcases.Login_EditMobileNumberTest"/>
  <system-out/>
  <testcase name="EditMobileNumber" time="1.305" classname="com.ERA.testcases.Login_EditMobileNumberTest"/>
  <system-out/>
  <testcase name="EditMobileNumber" time="1.281" classname="com.ERA.testcases.Login_EditMobileNumberTest"/>
  <system-out/>
  <testcase name="clickCntinue" time="0.538" classname="com.ERA.testcases.Login_EditMobileNumberTest"/>
  <system-out/>
  <testcase name="getotp" time="8.059" classname="com.ERA.testcases.Login_EditMobileNumberTest"/>
  <system-out/>
  <testcase name="clickMenuIconFromHome" time="3.240" classname="com.ERA.testcases.Login_EditMobileNumberTest"/>
  <system-out/>
  <testcase name="clickLogout" time="0.999" classname="com.ERA.testcases.Login_EditMobileNumberTest"/>
  <system-out/>
  <testcase name="clickSkip" time="3.928" classname="com.ERA.testcases.Login_EditMobileNumberTest"/>
  <system-out/>
</testsuite> <!-- com.ERA.testcases.Login_EditMobileNumberTest -->
