<?xml version="1.0" encoding="UTF-8"?>
<!-- Generated by org.testng.reporters.JUnitReportReporter -->
<testsuite skipped="0" hostname="AS-40" name="com.ERA.testcases.LoginWithInvalidMobileNumberTest" tests="8" failures="0" timestamp="2022-03-24T18:30:56 EET" time="91.845" errors="0">
  <testcase name="clcikLogin" time="11.345" classname="com.ERA.testcases.LoginWithInvalidMobileNumberTest"/>
  <system-out/>
  <testcase name="SelectCountyCode" time="11.332" classname="com.ERA.testcases.LoginWithInvalidMobileNumberTest"/>
  <system-out/>
  <testcase name="Searchforcounrty" time="11.932" classname="com.ERA.testcases.LoginWithInvalidMobileNumberTest"/>
  <system-out/>
  <testcase name="SelectEgypt" time="11.372" classname="com.ERA.testcases.LoginWithInvalidMobileNumberTest"/>
  <system-out/>
  <testcase name="addMobileNumber" time="11.847" classname="com.ERA.testcases.LoginWithInvalidMobileNumberTest"/>
  <system-out/>
  <testcase name="clickContinue" time="11.338" classname="com.ERA.testcases.LoginWithInvalidMobileNumberTest"/>
  <system-out/>
  <testcase name="AssertInvalidLoginMobileNumber" time="11.304" classname="com.ERA.testcases.LoginWithInvalidMobileNumberTest"/>
  <system-out/>
  <testcase name="ClickBackTOHome" time="11.375" classname="com.ERA.testcases.LoginWithInvalidMobileNumberTest"/>
  <system-out/>
</testsuite> <!-- com.ERA.testcases.LoginWithInvalidMobileNumberTest -->
