<?xml version="1.0" encoding="UTF-8"?>
<!-- Generated by org.testng.reporters.JUnitReportReporter -->
<testsuite skipped="0" hostname="AS-40" name="driverApi.API_Driver_vehiclepickedup_Test" tests="2" failures="0" timestamp="2022-04-01T11:06:37 EET" time="21.892" errors="0">
  <testcase name="verifyqrcode" time="8.862" classname="driverApi.API_Driver_vehiclepickedup_Test"/>
  <system-out/>
  <testcase name="vehiclepickedup" time="13.030" classname="driverApi.API_Driver_vehiclepickedup_Test"/>
  <system-out/>
</testsuite> <!-- driverApi.API_Driver_vehiclepickedup_Test -->
