<?xml version="1.0" encoding="UTF-8"?>
<!-- Generated by org.testng.reporters.JUnitReportReporter -->
<testsuite skipped="0" hostname="AS-40" name="com.ERA.testcases.LoginWithInvalidMobileNumberTest" tests="8" failures="0" timestamp="2022-03-27T09:27:09 EET" time="69.596" errors="0">
  <testcase name="clcikLogin" time="8.678" classname="com.ERA.testcases.LoginWithInvalidMobileNumberTest"/>
  <system-out/>
  <testcase name="SelectCountyCode" time="8.763" classname="com.ERA.testcases.LoginWithInvalidMobileNumberTest"/>
  <system-out/>
  <testcase name="Searchforcounrty" time="9.164" classname="com.ERA.testcases.LoginWithInvalidMobileNumberTest"/>
  <system-out/>
  <testcase name="SelectEgypt" time="8.599" classname="com.ERA.testcases.LoginWithInvalidMobileNumberTest"/>
  <system-out/>
  <testcase name="addMobileNumber" time="8.581" classname="com.ERA.testcases.LoginWithInvalidMobileNumberTest"/>
  <system-out/>
  <testcase name="clickContinue" time="8.467" classname="com.ERA.testcases.LoginWithInvalidMobileNumberTest"/>
  <system-out/>
  <testcase name="AssertInvalidLoginMobileNumber" time="8.785" classname="com.ERA.testcases.LoginWithInvalidMobileNumberTest"/>
  <system-out/>
  <testcase name="ClickBackTOHome" time="8.559" classname="com.ERA.testcases.LoginWithInvalidMobileNumberTest"/>
  <system-out/>
</testsuite> <!-- com.ERA.testcases.LoginWithInvalidMobileNumberTest -->
