<?xml version="1.0" encoding="UTF-8"?>
<!-- Generated by org.testng.reporters.JUnitReportReporter -->
<testsuite skipped="0" hostname="AS-40" name="com.ERA.testcases.SkipupdateTest" tests="1" failures="0" timestamp="2022-03-20T13:33:06 EET" time="6.837" errors="0">
  <testcase name="clickSkip" time="6.837" classname="com.ERA.testcases.SkipupdateTest"/>
  <system-out/>
</testsuite> <!-- com.ERA.testcases.SkipupdateTest -->
