<?xml version="1.0" encoding="UTF-8"?>
<!-- Generated by org.testng.reporters.JUnitReportReporter -->
<testsuite skipped="0" hostname="AS-40" name="towing.addNormalTowingRequestTest" tests="9" failures="0" timestamp="2022-04-12T12:40:49 EET" time="59.051" errors="0">
  <testcase name="selectTowingService" time="6.392" classname="towing.addNormalTowingRequestTest"/>
  <system-out/>
  <testcase name="selectNormalTowing" time="6.787" classname="towing.addNormalTowingRequestTest"/>
  <system-out/>
  <testcase name="AddingDestination" time="6.337" classname="towing.addNormalTowingRequestTest"/>
  <system-out/>
  <testcase name="ClickSearchDest" time="6.514" classname="towing.addNormalTowingRequestTest"/>
  <system-out/>
  <testcase name="SendDestLocation" time="6.968" classname="towing.addNormalTowingRequestTest"/>
  <system-out/>
  <testcase name="ClickSearchItem" time="6.342" classname="towing.addNormalTowingRequestTest"/>
  <system-out/>
  <testcase name="ConfirmDestination" time="6.710" classname="towing.addNormalTowingRequestTest"/>
  <system-out/>
  <testcase name="ConfirmTowingRequest" time="6.367" classname="towing.addNormalTowingRequestTest"/>
  <system-out/>
  <testcase name="ConfirmPaymentTowingRequest" time="6.634" classname="towing.addNormalTowingRequestTest"/>
  <system-out/>
</testsuite> <!-- towing.addNormalTowingRequestTest -->
