<?xml version="1.0" encoding="UTF-8"?>
<!-- Generated by org.testng.reporters.JUnitReportReporter -->
<testsuite skipped="0" hostname="AS-40" name="com.ERA.testcases.ClickloginbuttonfromHomescreenTest" tests="7" failures="0" timestamp="2022-03-18T23:45:22 EET" time="13.861" errors="0">
  <testcase name="clcikLogin" time="2.901" classname="com.ERA.testcases.ClickloginbuttonfromHomescreenTest"/>
  <system-out/>
  <testcase name="SelectCountyCode" time="1.007" classname="com.ERA.testcases.ClickloginbuttonfromHomescreenTest"/>
  <system-out/>
  <testcase name="Searchforcounrty" time="0.873" classname="com.ERA.testcases.ClickloginbuttonfromHomescreenTest"/>
  <system-out/>
  <testcase name="SelectEgypt" time="0.774" classname="com.ERA.testcases.ClickloginbuttonfromHomescreenTest"/>
  <system-out/>
  <testcase name="addMobileNumber" time="0.834" classname="com.ERA.testcases.ClickloginbuttonfromHomescreenTest"/>
  <system-out/>
  <testcase name="clickContinue" time="0.545" classname="com.ERA.testcases.ClickloginbuttonfromHomescreenTest"/>
  <system-out/>
  <testcase name="getotp" time="6.927" classname="com.ERA.testcases.ClickloginbuttonfromHomescreenTest"/>
  <system-out/>
</testsuite> <!-- com.ERA.testcases.ClickloginbuttonfromHomescreenTest -->
