<?xml version="1.0" encoding="UTF-8"?>
<!-- Generated by org.testng.reporters.JUnitReportReporter -->
<testsuite skipped="0" hostname="AS-40" name="profile.Profile_InvalidNameAndEmailTest" tests="10" failures="0" timestamp="2022-04-02T01:41:05 EET" time="64.927" errors="0">
  <testcase name="clickprofiletabFromMenu" time="6.338" classname="profile.Profile_InvalidNameAndEmailTest"/>
  <system-out/>
  <testcase name="EditNamewithvalidNumber" time="6.937" classname="profile.Profile_InvalidNameAndEmailTest"/>
  <system-out/>
  <testcase name="EditEmailwithvalidNumber" time="6.962" classname="profile.Profile_InvalidNameAndEmailTest"/>
  <system-out/>
  <testcase name="scrollitems" time="6.609" classname="profile.Profile_InvalidNameAndEmailTest"/>
  <system-out/>
  <testcase name="SaveButton" time="6.329" classname="profile.Profile_InvalidNameAndEmailTest"/>
  <system-out/>
  <testcase name="ValidateInvalidName" time="6.338" classname="profile.Profile_InvalidNameAndEmailTest"/>
  <system-out/>
  <testcase name="EditNamewithvalidØ¢Name" time="6.343" classname="profile.Profile_InvalidNameAndEmailTest"/>
  <system-out/>
  <testcase name="SaveButton2" time="6.366" classname="profile.Profile_InvalidNameAndEmailTest"/>
  <system-out/>
  <testcase name="ValidateInvalidEmail" time="6.349" classname="profile.Profile_InvalidNameAndEmailTest"/>
  <system-out/>
  <testcase name="ClickMenu" time="6.356" classname="profile.Profile_InvalidNameAndEmailTest"/>
  <system-out/>
</testsuite> <!-- profile.Profile_InvalidNameAndEmailTest -->
