<?xml version="1.0" encoding="UTF-8"?>
<!-- Generated by org.testng.reporters.JUnitReportReporter -->
<testsuite skipped="0" hostname="AS-40" name="com.ERA.testcases.LoginWithInvalidSmsCodeTest" tests="10" failures="0" timestamp="2022-03-20T13:33:06 EET" time="18.341" errors="0">
  <testcase name="clcikLogin" time="2.850" classname="com.ERA.testcases.LoginWithInvalidSmsCodeTest"/>
  <system-out/>
  <testcase name="SelectCountyCode" time="1.201" classname="com.ERA.testcases.LoginWithInvalidSmsCodeTest"/>
  <system-out/>
  <testcase name="Searchforcounrty" time="0.998" classname="com.ERA.testcases.LoginWithInvalidSmsCodeTest"/>
  <system-out/>
  <testcase name="SelectEgypt" time="0.708" classname="com.ERA.testcases.LoginWithInvalidSmsCodeTest"/>
  <system-out/>
  <testcase name="addMobileNumber" time="0.843" classname="com.ERA.testcases.LoginWithInvalidSmsCodeTest"/>
  <system-out/>
  <testcase name="clickContinue" time="0.560" classname="com.ERA.testcases.LoginWithInvalidSmsCodeTest"/>
  <system-out/>
  <testcase name="getotp" time="8.114" classname="com.ERA.testcases.LoginWithInvalidSmsCodeTest"/>
  <system-out/>
  <testcase name="AssertInvalidOtp" time="1.873" classname="com.ERA.testcases.LoginWithInvalidSmsCodeTest"/>
  <system-out/>
  <testcase name="ClickBackArrow" time="0.392" classname="com.ERA.testcases.LoginWithInvalidSmsCodeTest"/>
  <system-out/>
  <testcase name="ClickBackTOHome" time="0.802" classname="com.ERA.testcases.LoginWithInvalidSmsCodeTest"/>
  <system-out/>
</testsuite> <!-- com.ERA.testcases.LoginWithInvalidSmsCodeTest -->
