<?xml version="1.0" encoding="UTF-8"?>
<!-- Generated by org.testng.reporters.JUnitReportReporter -->
<testsuite skipped="0" hostname="AS-40" name="fleetAndAdmin.OpenFleetAndAssignRequestTest" tests="1" failures="0" timestamp="2022-04-01T11:16:32 EET" time="59.427" errors="0">
  <testcase name="OpenFleetURL" time="59.427" classname="fleetAndAdmin.OpenFleetAndAssignRequestTest"/>
  <system-out/>
</testsuite> <!-- fleetAndAdmin.OpenFleetAndAssignRequestTest -->
