<?xml version="1.0" encoding="UTF-8"?>
<!-- Generated by org.testng.reporters.JUnitReportReporter -->
<testsuite skipped="0" hostname="AS-40" name="com.ERA.testcases.ClickloginbuttonfromHomescreenTest" tests="7" failures="0" timestamp="2022-03-22T11:21:48 EET" time="42.965" errors="0">
  <testcase name="clcikLogin" time="5.573" classname="com.ERA.testcases.ClickloginbuttonfromHomescreenTest"/>
  <system-out/>
  <testcase name="SelectCountyCode" time="5.424" classname="com.ERA.testcases.ClickloginbuttonfromHomescreenTest"/>
  <system-out/>
  <testcase name="Searchforcounrty" time="5.986" classname="com.ERA.testcases.ClickloginbuttonfromHomescreenTest"/>
  <system-out/>
  <testcase name="SelectEgypt" time="5.340" classname="com.ERA.testcases.ClickloginbuttonfromHomescreenTest"/>
  <system-out/>
  <testcase name="addMobileNumber" time="5.859" classname="com.ERA.testcases.ClickloginbuttonfromHomescreenTest"/>
  <system-out/>
  <testcase name="clickContinue" time="5.329" classname="com.ERA.testcases.ClickloginbuttonfromHomescreenTest"/>
  <system-out/>
  <testcase name="getotp" time="9.454" classname="com.ERA.testcases.ClickloginbuttonfromHomescreenTest"/>
  <system-out/>
</testsuite> <!-- com.ERA.testcases.ClickloginbuttonfromHomescreenTest -->
