<?xml version="1.0" encoding="UTF-8"?>
<!-- Generated by org.testng.reporters.JUnitReportReporter -->
<testsuite skipped="0" hostname="AS-40" name="driverApi.API_Driver_Startjob_Test" tests="3" failures="0" timestamp="2022-04-12T12:40:49 EET" time="23.509" errors="0">
  <testcase name="driverLogin" time="8.029" classname="driverApi.API_Driver_Startjob_Test"/>
  <system-out/>
  <testcase name="driverLogin" time="7.713" classname="driverApi.API_Driver_Startjob_Test"/>
  <system-out/>
  <testcase name="driverLogin" time="7.767" classname="driverApi.API_Driver_Startjob_Test"/>
  <system-out/>
</testsuite> <!-- driverApi.API_Driver_Startjob_Test -->
