<?xml version="1.0" encoding="UTF-8"?>
<!-- Generated by org.testng.reporters.JUnitReportReporter -->
<testsuite skipped="0" hostname="AS-40" name="com.ERA.testcases.addNormalBatteryRequestTest" tests="7" failures="0" timestamp="2022-03-21T14:42:38 EET" time="35.333" errors="0">
  <testcase name="MoveMap" time="21.612" classname="com.ERA.testcases.addNormalBatteryRequestTest"/>
  <system-out/>
  <testcase name="DragServiceSheet" time="2.353" classname="com.ERA.testcases.addNormalBatteryRequestTest"/>
  <system-out/>
  <testcase name="SelectBattery" time="1.378" classname="com.ERA.testcases.addNormalBatteryRequestTest"/>
  <system-out/>
  <testcase name="ConfirmSummery" time="2.115" classname="com.ERA.testcases.addNormalBatteryRequestTest"/>
  <system-out/>
  <testcase name="ConfirmBaymnet" time="1.975" classname="com.ERA.testcases.addNormalBatteryRequestTest"/>
  <system-out/>
  <testcase name="CancelLink" time="5.086" classname="com.ERA.testcases.addNormalBatteryRequestTest"/>
  <system-out/>
  <testcase name="CancelBn" time="0.814" classname="com.ERA.testcases.addNormalBatteryRequestTest"/>
  <system-out/>
</testsuite> <!-- com.ERA.testcases.addNormalBatteryRequestTest -->
