<?xml version="1.0" encoding="UTF-8"?>
<!-- Generated by org.testng.reporters.JUnitReportReporter -->
<testsuite skipped="0" hostname="AS-40" name="com.ERA.testcases.InvalidPickUPLocationTest" tests="6" failures="0" timestamp="2022-03-21T14:42:38 EET" time="10.554" errors="0">
  <testcase name="AddingDestination" time="3.466" classname="com.ERA.testcases.InvalidPickUPLocationTest"/>
  <system-out/>
  <testcase name="SendDestLocation" time="1.991" classname="com.ERA.testcases.InvalidPickUPLocationTest"/>
  <system-out/>
  <testcase name="ClickSearchresultItem" time="1.306" classname="com.ERA.testcases.InvalidPickUPLocationTest"/>
  <system-out/>
  <testcase name="AssertInvalidLocationWithSearch" time="1.976" classname="com.ERA.testcases.InvalidPickUPLocationTest"/>
  <system-out/>
  <testcase name="clickMenuIconFromHome" time="0.758" classname="com.ERA.testcases.InvalidPickUPLocationTest"/>
  <system-out/>
  <testcase name="ClickNewRequest" time="1.057" classname="com.ERA.testcases.InvalidPickUPLocationTest"/>
  <system-out/>
</testsuite> <!-- com.ERA.testcases.InvalidPickUPLocationTest -->
