<?xml version="1.0" encoding="UTF-8"?>
<!-- Generated by org.testng.reporters.JUnitReportReporter -->
<testsuite skipped="0" hostname="AS-40" name="com.ERA.testcases.addNormalFuelRequestTest" tests="10" failures="0" timestamp="2022-03-22T11:21:48 EET" time="56.641" errors="0">
  <testcase name="MoveMap" time="5.832" classname="com.ERA.testcases.addNormalFuelRequestTest"/>
  <system-out/>
  <testcase name="Dragsheet" time="5.793" classname="com.ERA.testcases.addNormalFuelRequestTest"/>
  <system-out/>
  <testcase name="selectFuelService" time="5.676" classname="com.ERA.testcases.addNormalFuelRequestTest"/>
  <system-out/>
  <testcase name="SelectFuelType" time="5.427" classname="com.ERA.testcases.addNormalFuelRequestTest"/>
  <system-out/>
  <testcase name="ConfirmfuelType" time="5.759" classname="com.ERA.testcases.addNormalFuelRequestTest"/>
  <system-out/>
  <testcase name="ConfirmpaymentButton" time="5.424" classname="com.ERA.testcases.addNormalFuelRequestTest"/>
  <system-out/>
  <testcase name="SelectCash" time="5.614" classname="com.ERA.testcases.addNormalFuelRequestTest"/>
  <system-out/>
  <testcase name="ConfirmCashPayment" time="5.824" classname="com.ERA.testcases.addNormalFuelRequestTest"/>
  <system-out/>
  <testcase name="CancelFuelRequest" time="5.730" classname="com.ERA.testcases.addNormalFuelRequestTest"/>
  <system-out/>
  <testcase name="CancelBnFuelRequest" time="5.562" classname="com.ERA.testcases.addNormalFuelRequestTest"/>
  <system-out/>
</testsuite> <!-- com.ERA.testcases.addNormalFuelRequestTest -->
