<?xml version="1.0" encoding="UTF-8"?>
<!-- Generated by org.testng.reporters.JUnitReportReporter -->
<testsuite skipped="21" hostname="AS-40" name="towing.DismissTowingRatesheetTest" tests="21" failures="0" timestamp="2022-05-31T19:59:00 EET" time="0.000" errors="0">
  <testcase name="clickratingBarButton" time="0.000" classname="towing.DismissTowingRatesheetTest">
    <skipped/>
  </testcase> <!-- clickratingBarButton -->
  <system-out/>
  <testcase name="clickratingBarButton" time="0.000" classname="towing.DismissTowingRatesheetTest">
    <skipped/>
  </testcase> <!-- clickratingBarButton -->
  <system-out/>
  <testcase name="clickratingBarButton" time="0.000" classname="towing.DismissTowingRatesheetTest">
    <skipped/>
  </testcase> <!-- clickratingBarButton -->
  <system-out/>
  <testcase name="submitRateButton" time="0.000" classname="towing.DismissTowingRatesheetTest">
    <skipped/>
  </testcase> <!-- submitRateButton -->
  <system-out/>
  <testcase name="submitRateButton" time="0.000" classname="towing.DismissTowingRatesheetTest">
    <skipped/>
  </testcase> <!-- submitRateButton -->
  <system-out/>
  <testcase name="submitRateButton" time="0.000" classname="towing.DismissTowingRatesheetTest">
    <skipped/>
  </testcase> <!-- submitRateButton -->
  <system-out/>
  <testcase name="assertError" time="0.000" classname="towing.DismissTowingRatesheetTest">
    <skipped/>
  </testcase> <!-- assertError -->
  <system-out/>
  <testcase name="assertError" time="0.000" classname="towing.DismissTowingRatesheetTest">
    <skipped/>
  </testcase> <!-- assertError -->
  <system-out/>
  <testcase name="assertError" time="0.000" classname="towing.DismissTowingRatesheetTest">
    <skipped/>
  </testcase> <!-- assertError -->
  <system-out/>
  <testcase name="SelectReason" time="0.000" classname="towing.DismissTowingRatesheetTest">
    <skipped/>
  </testcase> <!-- SelectReason -->
  <system-out/>
  <testcase name="SelectReason" time="0.000" classname="towing.DismissTowingRatesheetTest">
    <skipped/>
  </testcase> <!-- SelectReason -->
  <system-out/>
  <testcase name="SelectReason" time="0.000" classname="towing.DismissTowingRatesheetTest">
    <skipped/>
  </testcase> <!-- SelectReason -->
  <system-out/>
  <testcase name="IssuesTextAssert" time="0.000" classname="towing.DismissTowingRatesheetTest">
    <skipped/>
  </testcase> <!-- IssuesTextAssert -->
  <system-out/>
  <testcase name="IssuesTextAssert" time="0.000" classname="towing.DismissTowingRatesheetTest">
    <skipped/>
  </testcase> <!-- IssuesTextAssert -->
  <system-out/>
  <testcase name="IssuesTextAssert" time="0.000" classname="towing.DismissTowingRatesheetTest">
    <skipped/>
  </testcase> <!-- IssuesTextAssert -->
  <system-out/>
  <testcase name="allstarts" time="0.000" classname="towing.DismissTowingRatesheetTest">
    <skipped/>
  </testcase> <!-- allstarts -->
  <system-out/>
  <testcase name="allstarts" time="0.000" classname="towing.DismissTowingRatesheetTest">
    <skipped/>
  </testcase> <!-- allstarts -->
  <system-out/>
  <testcase name="allstarts" time="0.000" classname="towing.DismissTowingRatesheetTest">
    <skipped/>
  </testcase> <!-- allstarts -->
  <system-out/>
  <testcase name="clickismissRate" time="0.000" classname="towing.DismissTowingRatesheetTest">
    <skipped/>
  </testcase> <!-- clickismissRate -->
  <system-out/>
  <testcase name="clickismissRate" time="0.000" classname="towing.DismissTowingRatesheetTest">
    <skipped/>
  </testcase> <!-- clickismissRate -->
  <system-out/>
  <testcase name="clickismissRate" time="0.000" classname="towing.DismissTowingRatesheetTest">
    <skipped/>
  </testcase> <!-- clickismissRate -->
  <system-out/>
</testsuite> <!-- towing.DismissTowingRatesheetTest -->
