<?xml version="1.0" encoding="UTF-8"?>
<!-- Generated by org.testng.reporters.JUnitReportReporter -->
<testsuite skipped="0" hostname="AS-40" name="com.ERA.testcases.LoginWithInvalidSmsCodeTest" tests="10" failures="0" timestamp="2022-03-24T18:30:56 EET" time="121.164" errors="0">
  <testcase name="clcikLogin" time="11.327" classname="com.ERA.testcases.LoginWithInvalidSmsCodeTest"/>
  <system-out/>
  <testcase name="SelectCountyCode" time="11.293" classname="com.ERA.testcases.LoginWithInvalidSmsCodeTest"/>
  <system-out/>
  <testcase name="Searchforcounrty" time="11.979" classname="com.ERA.testcases.LoginWithInvalidSmsCodeTest"/>
  <system-out/>
  <testcase name="SelectEgypt" time="11.326" classname="com.ERA.testcases.LoginWithInvalidSmsCodeTest"/>
  <system-out/>
  <testcase name="addMobileNumber" time="11.860" classname="com.ERA.testcases.LoginWithInvalidSmsCodeTest"/>
  <system-out/>
  <testcase name="clickContinue" time="11.325" classname="com.ERA.testcases.LoginWithInvalidSmsCodeTest"/>
  <system-out/>
  <testcase name="getotp" time="17.736" classname="com.ERA.testcases.LoginWithInvalidSmsCodeTest"/>
  <system-out/>
  <testcase name="AssertInvalidOtp" time="11.281" classname="com.ERA.testcases.LoginWithInvalidSmsCodeTest"/>
  <system-out/>
  <testcase name="ClickBackArrow" time="11.692" classname="com.ERA.testcases.LoginWithInvalidSmsCodeTest"/>
  <system-out/>
  <testcase name="ClickBackTOHome" time="11.345" classname="com.ERA.testcases.LoginWithInvalidSmsCodeTest"/>
  <system-out/>
</testsuite> <!-- com.ERA.testcases.LoginWithInvalidSmsCodeTest -->
