<?xml version="1.0" encoding="UTF-8"?>
<!-- Generated by org.testng.reporters.JUnitReportReporter -->
<testsuite skipped="0" hostname="AS-40" name="com.ERA.testcases.API_GetTokenValueTest" tests="1" failures="0" timestamp="2022-03-24T15:21:11 EET" time="1.072" errors="0">
  <testcase name="ValidateOTP" time="1.072" classname="com.ERA.testcases.API_GetTokenValueTest"/>
  <system-out/>
</testsuite> <!-- com.ERA.testcases.API_GetTokenValueTest -->
