<?xml version="1.0" encoding="UTF-8"?>
<!-- Generated by org.testng.reporters.JUnitReportReporter -->
<testsuite skipped="0" hostname="AS-40" name="profile.Profile_InvalidEmailFormatTest" tests="6" failures="0" timestamp="2022-04-02T01:41:05 EET" time="39.508" errors="0">
  <testcase name="clickprofiletabFromMenu" time="6.358" classname="profile.Profile_InvalidEmailFormatTest"/>
  <system-out/>
  <testcase name="EditEmailwithvalidNumber" time="7.534" classname="profile.Profile_InvalidEmailFormatTest"/>
  <system-out/>
  <testcase name="scrollitems" time="6.613" classname="profile.Profile_InvalidEmailFormatTest"/>
  <system-out/>
  <testcase name="SaveButton" time="6.345" classname="profile.Profile_InvalidEmailFormatTest"/>
  <system-out/>
  <testcase name="ValidateInvalidEmailFormat" time="6.330" classname="profile.Profile_InvalidEmailFormatTest"/>
  <system-out/>
  <testcase name="ClickMenu" time="6.328" classname="profile.Profile_InvalidEmailFormatTest"/>
  <system-out/>
</testsuite> <!-- profile.Profile_InvalidEmailFormatTest -->
