<?xml version="1.0" encoding="UTF-8"?>
<!-- Generated by org.testng.reporters.JUnitReportReporter -->
<testsuite skipped="0" hostname="AS-40" name="towing.addNormalTowingRequestTest" tests="9" failures="0" timestamp="2022-04-01T11:06:37 EET" time="61.447" errors="0">
  <testcase name="selectTowingService" time="6.591" classname="towing.addNormalTowingRequestTest"/>
  <system-out/>
  <testcase name="selectNormalTowing" time="7.018" classname="towing.addNormalTowingRequestTest"/>
  <system-out/>
  <testcase name="AddingDestination" time="6.298" classname="towing.addNormalTowingRequestTest"/>
  <system-out/>
  <testcase name="ClickSearchDest" time="6.589" classname="towing.addNormalTowingRequestTest"/>
  <system-out/>
  <testcase name="SendDestLocation" time="6.974" classname="towing.addNormalTowingRequestTest"/>
  <system-out/>
  <testcase name="ClickSearchItem" time="6.306" classname="towing.addNormalTowingRequestTest"/>
  <system-out/>
  <testcase name="ConfirmDestination" time="6.592" classname="towing.addNormalTowingRequestTest"/>
  <system-out/>
  <testcase name="ConfirmTowingRequest" time="8.507" classname="towing.addNormalTowingRequestTest"/>
  <system-out/>
  <testcase name="ConfirmPaymentTowingRequest" time="6.572" classname="towing.addNormalTowingRequestTest"/>
  <system-out/>
</testsuite> <!-- towing.addNormalTowingRequestTest -->
