<?xml version="1.0" encoding="UTF-8"?>
<!-- Generated by org.testng.reporters.JUnitReportReporter -->
<testsuite skipped="0" hostname="AS-40" name="com.ERA.testcases.allowLocationPermissionTest" tests="1" failures="0" timestamp="2022-03-20T13:33:06 EET" time="2.132" errors="0">
  <testcase name="clcallowLocationPermissionTestikLogin" time="2.132" classname="com.ERA.testcases.allowLocationPermissionTest"/>
  <system-out/>
</testsuite> <!-- com.ERA.testcases.allowLocationPermissionTest -->
