<?xml version="1.0" encoding="UTF-8"?>
<!-- Generated by org.testng.reporters.JUnitReportReporter -->
<testsuite hostname="RAli-NBQC" failures="0" tests="7" name="com.ERA.testcases.ClickloginbuttonfromHomescreenTest" time="19.896" errors="0" timestamp="2022-03-14T14:24:50 EET" skipped="0">
  <testcase classname="com.ERA.testcases.ClickloginbuttonfromHomescreenTest" name="clcikLogin" time="4.441"/>
  <system-out/>
  <testcase classname="com.ERA.testcases.ClickloginbuttonfromHomescreenTest" name="SelectCountyCode" time="1.514"/>
  <system-out/>
  <testcase classname="com.ERA.testcases.ClickloginbuttonfromHomescreenTest" name="Searchforcounrty" time="1.682"/>
  <system-out/>
  <testcase classname="com.ERA.testcases.ClickloginbuttonfromHomescreenTest" name="SelectEgypt" time="0.942"/>
  <system-out/>
  <testcase classname="com.ERA.testcases.ClickloginbuttonfromHomescreenTest" name="addMobileNumber" time="1.180"/>
  <system-out/>
  <testcase classname="com.ERA.testcases.ClickloginbuttonfromHomescreenTest" name="clickContinue" time="1.190"/>
  <system-out/>
  <testcase classname="com.ERA.testcases.ClickloginbuttonfromHomescreenTest" name="getotp" time="8.947"/>
  <system-out/>
</testsuite> <!-- com.ERA.testcases.ClickloginbuttonfromHomescreenTest -->
