<?xml version="1.0" encoding="UTF-8"?>
<!-- Generated by org.testng.reporters.JUnitReportReporter -->
<testsuite skipped="0" hostname="AS-40" name="com.ERA.testcases.DismissTowingRatesheetTest" tests="7" failures="0" timestamp="2022-03-30T09:47:58 EET" time="27.373" errors="0">
  <testcase name="clickratingBarButton" time="5.436" classname="com.ERA.testcases.DismissTowingRatesheetTest"/>
  <system-out/>
  <testcase name="submitRateButton" time="3.296" classname="com.ERA.testcases.DismissTowingRatesheetTest"/>
  <system-out/>
  <testcase name="assertError" time="3.332" classname="com.ERA.testcases.DismissTowingRatesheetTest"/>
  <system-out/>
  <testcase name="SelectReason" time="3.325" classname="com.ERA.testcases.DismissTowingRatesheetTest"/>
  <system-out/>
  <testcase name="IssuesTextAssert" time="3.299" classname="com.ERA.testcases.DismissTowingRatesheetTest"/>
  <system-out/>
  <testcase name="allstarts" time="5.346" classname="com.ERA.testcases.DismissTowingRatesheetTest"/>
  <system-out/>
  <testcase name="submit5RateButton" time="3.339" classname="com.ERA.testcases.DismissTowingRatesheetTest"/>
  <system-out/>
</testsuite> <!-- com.ERA.testcases.DismissTowingRatesheetTest -->
