<?xml version="1.0" encoding="UTF-8"?>
<!-- Generated by org.testng.reporters.JUnitReportReporter -->
<testsuite skipped="0" hostname="AS-40" name="com.ERA.testcases.DismissTowingRatesheetTest" tests="7" failures="0" timestamp="2022-03-31T08:54:18 EET" time="46.664" errors="0">
  <testcase name="clickratingBarButton" time="6.359" classname="com.ERA.testcases.DismissTowingRatesheetTest"/>
  <system-out/>
  <testcase name="submitRateButton" time="6.340" classname="com.ERA.testcases.DismissTowingRatesheetTest"/>
  <system-out/>
  <testcase name="assertError" time="6.288" classname="com.ERA.testcases.DismissTowingRatesheetTest"/>
  <system-out/>
  <testcase name="SelectReason" time="6.392" classname="com.ERA.testcases.DismissTowingRatesheetTest"/>
  <system-out/>
  <testcase name="IssuesTextAssert" time="6.615" classname="com.ERA.testcases.DismissTowingRatesheetTest"/>
  <system-out/>
  <testcase name="allstarts" time="8.350" classname="com.ERA.testcases.DismissTowingRatesheetTest"/>
  <system-out/>
  <testcase name="clickismissRate" time="6.320" classname="com.ERA.testcases.DismissTowingRatesheetTest"/>
  <system-out/>
</testsuite> <!-- com.ERA.testcases.DismissTowingRatesheetTest -->
